SecCoreStartupWithStack(0xFFFCC000, 0x820000)
Register PPI Notify: DCD0BE23-9586-40F4-B643-06522CED4EDE
Install PPI: 8C8CE578-8A3D-4F1C-9935-896185C32DD3
Install PPI: 5473C07A-3DCB-4DCA-BD6F-1E9689E7349A
The 0th FV start address is 0x00000820000, size is 0x000E0000, handle is 0x820000
Register PPI Notify: 49EDB1C1-BF21-4761-BB12-EB0031AABB39
Register PPI Notify: EA7CA24B-DED5-4DAD-A389-BF827E8F9B38
Install PPI: B9E0ABFE-5979-4914-977F-6DEE78C278A6
Install PPI: DBE23AA9-A345-4B97-85B6-B226F1617389
Install PPI: 138F9CF4-F0E7-4721-8F49-F5FFECF42D40
DiscoverPeimsAndOrderWithApriori(): Found 0x8 PEI FFS files in the 0th FV
Loading PEIM 9B3ADA4F-AE56-4C24-8DEA-F03B7558AE50
Loading PEIM at 0x0000082BBC0 EntryPoint=0x0000082ED9D PcdPeim.efi
Install PPI: 06E81C58-4AD7-44BC-8390-F10265F72480
Install PPI: 01F34D25-4DE2-23AD-3FF3-36353FF323F1
Install PPI: 4D8B155B-C059-4C8F-8926-06FD4331DB8A
Install PPI: A60C6B59-E459-425D-9C69-0BCC9CB27D81
Register PPI Notify: 605EA650-C65C-42E1-BA80-91A52AB618C6
Loading PEIM A3610442-E69F-4DF3-82CA-2360C4031A23
Loading PEIM at 0x00000830AC0 EntryPoint=0x00000831E2A ReportStatusCodeRouterPei.efi
Install PPI: 0065D394-9951-4144-82A3-0AFC8579C251
Install PPI: 229832D3-7A30-4B36-B827-F40CB7D45436
Loading PEIM 9D225237-FA01-464C-A949-BAABC02D31D0
Loading PEIM at 0x00000832B40 EntryPoint=0x00000833D24 StatusCodeHandlerPei.efi
Loading PEIM 222C386D-5ABC-4FB4-B124-FBB82488ACF4
Loading PEIM at 0x00000834AC0 EntryPoint=0x0000083C483 PlatformPei.efi
Platform PEIM Loaded
CMOS:
00: 52 00 03 00 20 00 01 30 07 23 26 02 00 80 00 00
10: 50 00 00 00 07 80 02 FF FF 00 00 00 00 00 00 00
20: 00 00 00 00 00 00 00 00 00 00 00 00 00 00 00 00
30: FF FF 20 00 00 07 00 20 30 00 00 00 00 12 00 00
40: 00 00 00 00 00 00 00 00 00 00 00 00 00 00 00 00
50: 00 00 00 00 00 00 00 00 00 00 00 00 00 00 00 00
60: 00 00 00 00 00 00 00 00 00 00 00 00 00 00 00 00
70: 00 00 00 00 00 00 00 00 00 00 00 00 00 00 00 00
QemuFwCfgProbe: Supported 1, DMA 1
Select Item: 0x19
Select Item: 0x28
S3 support was detected on QEMU
Install PPI: 7408D748-FC8C-4EE6-9288-C4BEC092A410
Select Item: 0x19
Select Item: 0x19
Select Item: 0x25
Select Item: 0x19
Select Item: 0x19
PlatformAddressWidthFromCpuid: Signature: 'AuthenticAMD', PhysBits: 40, QemuQuirk: On, Valid: Yes
PlatformDynamicMmioWindow: using dynamic mmio window
PlatformDynamicMmioWindow:   Addr Space 0x10000000000 (1024 GB)
PlatformDynamicMmioWindow:   MMIO Space 0x2000000000 (128 GB)
Select Item: 0x19
Select Item: 0x25
PlatformReservationConflictCB: move mmio: 0xE000000000 => C000000000
PlatformDynamicMmioWindow:   Pci64 Base 0xC000000000
PlatformDynamicMmioWindow:   Pci64 Size 0x2000000000
AddressWidthInitialization: Pci64Base=0xC000000000 Pci64Size=0x2000000000
Select Item: 0x5
PlatformMaxCpuCountInitialization: BootCpuCount=1 MaxCpuCount=1
Select Item: 0x19
Select Item: 0x25
PlatformGetLowMemoryCB: LowMemory=0x8000000
PublishPeiMemory: PhysMemAddressWidth=40 PeiMemoryCap=69644 KB
PeiInstallPeiMemory MemoryBegin 0x3B75000, MemoryLength 0x4403000
Select Item: 0x19
Select Item: 0x25
PlatformQemuInitializeRam called
Select Item: 0x19
Select Item: 0x25
Select Item: 0x19
Select Item: 0x25
PlatformAddHobCB: Reserved [0xFD00000000, 0x10000000000)
Reserved variable store memory: 0x7EF4000; size: 528kb
Platform PEI Firmware Volume Initialization
Install PPI: 49EDB1C1-BF21-4761-BB12-EB0031AABB39
Notify: PPI Guid: 49EDB1C1-BF21-4761-BB12-EB0031AABB39, Peim notify entry point: 8247D1
The 1th FV start address is 0x00000900000, size is 0x00D00000, handle is 0x900000
Select Item: 0x19
Select Item: 0x25
Select Item: 0x19
Register PPI Notify: EE16160A-E8BE-47A6-820A-C6900DB0250A
Select Item: 0x19
Temp Stack : BaseAddress=0x818000 Length=0x8000
Temp Heap  : BaseAddress=0x810000 Length=0x8000
Total temporary memory:    65536 bytes.
  temporary memory stack ever used:       29952 bytes.
  temporary memory heap used for HobList: 7128 bytes.
  temporary memory heap occupied by memory pages: 0 bytes.
Memory Allocation 0x0000000A 0x7F78000 - 0x7FFFFFF
Memory Allocation 0x0000000A 0x810000 - 0x81FFFF
Memory Allocation 0x0000000A 0x807000 - 0x807FFF
Memory Allocation 0x0000000A 0x800000 - 0x805FFF
Memory Allocation 0x0000000A 0x806000 - 0x806FFF
Memory Allocation 0x0000000A 0x80B000 - 0x80BFFF
Memory Allocation 0x00000006 0x7EF4000 - 0x7F77FFF
Memory Allocation 0x0000000A 0x820000 - 0x8FFFFF
Memory Allocation 0x00000004 0x900000 - 0x15FFFFF
Old Stack size 32768, New stack size 131072
Stack Hob: BaseAddress=0x3B75000 Length=0x20000
Heap Offset = 0x3385000 Stack Offset = 0x3375000
TemporaryRamMigration(0x810000, 0x3B8D000, 0x10000)
Loading PEIM 52C05B14-0B98-496C-BC3B-04B50211D680
Loading PEIM at 0x00007EE8000 EntryPoint=0x00007EEFF6D PeiCore.efi
Reinstall PPI: 8C8CE578-8A3D-4F1C-9935-896185C32DD3
Reinstall PPI: 5473C07A-3DCB-4DCA-BD6F-1E9689E7349A
Reinstall PPI: B9E0ABFE-5979-4914-977F-6DEE78C278A6
Install PPI: F894643D-C449-42D1-8EA8-85BDD8C65BDE
Loading PEIM 9B3ADA4F-AE56-4C24-8DEA-F03B7558AE50
Loading PEIM at 0x00007EE3000 EntryPoint=0x00007EE61DD PcdPeim.efi
Reinstall PPI: 06E81C58-4AD7-44BC-8390-F10265F72480
Reinstall PPI: 4D8B155B-C059-4C8F-8926-06FD4331DB8A
Reinstall PPI: 01F34D25-4DE2-23AD-3FF3-36353FF323F1
Reinstall PPI: A60C6B59-E459-425D-9C69-0BCC9CB27D81
Loading PEIM 86D70125-BAA3-4296-A62F-602BEBBB9081
Loading PEIM at 0x00007EDE000 EntryPoint=0x00007EE12AF DxeIpl.efi
Install PPI: 1A36E4E7-FAB6-476A-8E75-695A0576FDD7
Install PPI: 0AE8CE5D-E448-4437-A8D7-EBF5F194F731
Loading PEIM 89E549B0-7CFE-449D-9BA3-10D8B2312D71
Loading PEIM at 0x00007ED9000 EntryPoint=0x00007EDBA4C S3Resume2Pei.efi
Install PPI: 6D582DBC-DB85-4514-8FCC-5ADF6227B147
Loading PEIM EDADEB9D-DDBA-48BD-9D22-C1C169C8C5C6
Loading PEIM at 0x00007EC9000 EntryPoint=0x00007ECE964 CpuMpPei.efi
Register PPI Notify: F894643D-C449-42D1-8EA8-85BDD8C65BDE
Notify: PPI Guid: F894643D-C449-42D1-8EA8-85BDD8C65BDE, Peim notify entry point: 7ED1A73
AP Loop Mode is 1
AP Vector: non-16-bit = 7EB7000/44A
GetMicrocodePatchInfoFromHob: Microcode patch cache HOB is not found.
CPU[0000]: Microcode revision = 00000000, expected = 00000000
Register PPI Notify: 8F9D4825-797D-48FC-8471-845025792EF6
Does not find any stored CPU BIST information from PPI!
  APICID - 0x00000000, BIST - 0x00000000
Install PPI: 9E9F374B-8F16-4230-9824-5846EE766A97
Install PPI: 5CB9CB3D-31A4-480C-9498-29D269BACFBA
Install PPI: EE16160A-E8BE-47A6-820A-C6900DB0250A
Notify: PPI Guid: EE16160A-E8BE-47A6-820A-C6900DB0250A, Peim notify entry point: 836B9A
PlatformPei: ClearCacheOnMpServicesAvailable
DiscoverPeimsAndOrderWithApriori(): Found 0x0 PEI FFS files in the 1th FV
DXE IPL Entry
Loading PEIM D6A2CB7F-6A18-4E2F-B43B-9920A733700A
Loading PEIM at 0x00007E88000 EntryPoint=0x00007EA07EF DxeCore.efi
Loading DXE CORE at 0x00007E88000 EntryPoint=0x00007EA07EF
AddressBits=40 5LevelPaging=0 1GPage=0
Pml5=1 Pml4=2 Pdp=512 TotalPage=1027
Install PPI: 605EA650-C65C-42E1-BA80-91A52AB618C6
Notify: PPI Guid: 605EA650-C65C-42E1-BA80-91A52AB618C6, Peim notify entry point: 82DA02
CoreInitializeMemoryServices:
  BaseAddress - 0x3B99000 Length - 0x3C67000 MinimalMemorySizeNeeded - 0x322000
InstallProtocolInterface: 5B1B31A1-9562-11D2-8E3F-00A0C969723B 7EACCA8
ProtectUefiImageCommon - 0x7EACCA8
  - 0x0000000007E88000 - 0x000000000002F000
DxeMain: MemoryBaseAddress=0x3B99000 MemoryLength=0x3C67000
HOBLIST address in DXE = 0x74E7018
Memory Allocation 0x0000000A 0x7F78000 - 0x7FFFFFF
Memory Allocation 0x0000000A 0x810000 - 0x81FFFF
Memory Allocation 0x0000000A 0x807000 - 0x807FFF
Memory Allocation 0x0000000A 0x800000 - 0x805FFF
Memory Allocation 0x0000000A 0x806000 - 0x806FFF
Memory Allocation 0x0000000A 0x80B000 - 0x80BFFF
Memory Allocation 0x00000006 0x7EF4000 - 0x7F77FFF
Memory Allocation 0x0000000A 0x820000 - 0x8FFFFF
Memory Allocation 0x00000004 0x900000 - 0x15FFFFF
Memory Allocation 0x00000004 0x7E68000 - 0x7E87FFF
Memory Allocation 0x00000003 0x7EE8000 - 0x7EF3FFF
Memory Allocation 0x00000003 0x7EE3000 - 0x7EE7FFF
Memory Allocation 0x00000003 0x7EDE000 - 0x7EE2FFF
Memory Allocation 0x00000003 0x7ED9000 - 0x7EDDFFF
Memory Allocation 0x00000003 0x7EC9000 - 0x7ED8FFF
Memory Allocation 0x00000004 0x7EB8000 - 0x7EC8FFF
Memory Allocation 0x00000003 0x7EB7000 - 0x7EB7FFF
Memory Allocation 0x00000003 0x7E88000 - 0x7EB6FFF
Memory Allocation 0x00000003 0x7E88000 - 0x7EB6FFF
Memory Allocation 0x00000004 0x7E68000 - 0x7E87FFF
Memory Allocation 0x00000004 0x7800000 - 0x7DFFFFF
Memory Allocation 0x00000007 0x7E00000 - 0x7E67FFF
Memory Allocation 0x00000004 0x3B75000 - 0x3B94FFF
FV Hob            0x900000 - 0x15FFFFF
InstallProtocolInterface: D8117CFE-94A6-11D4-9A3A-0090273FC14D 7EADFC0
InstallProtocolInterface: 8F644FA9-E850-4DB1-9CE2-0B44698E8DA4 74E3D30
InstallProtocolInterface: 09576E91-6D3F-11D2-8E39-00A0C969723B 74E3098
InstallProtocolInterface: 220E73B6-6BDB-4413-8405-B974B108619A 74E3630
InstallProtocolInterface: EE4E5898-3914-4259-9D6E-DC7BD79403CF 7EADED8
Loading driver 9B680FCE-AD6B-4F3A-B60B-F59899003443
InstallProtocolInterface: 5B1B31A1-9562-11D2-8E3F-00A0C969723B 71730C0
Loading driver at 0x0000715B000 EntryPoint=0x00007162E4B DevicePathDxe.efi
InstallProtocolInterface: BC62157E-3E33-4FEC-9920-2D3B36D750DF 7173318
ProtectUefiImageCommon - 0x71730C0
  - 0x000000000715B000 - 0x000000000000B4C0
InstallProtocolInterface: 0379BE4E-D706-437D-B037-EDB82FB772A4 71657C0
InstallProtocolInterface: 8B843E20-8132-4852-90CC-551A4E4A7F1C 71657A0
InstallProtocolInterface: 05C99A21-C70F-4AD2-8A5F-35DF3343F51E 7165780
Loading driver 80CF7257-87AB-47F9-A3FE-D50B76D89541
InstallProtocolInterface: 5B1B31A1-9562-11D2-8E3F-00A0C969723B 7172B40
Loading driver at 0x00007155000 EntryPoint=0x000071589FA PcdDxe.efi
InstallProtocolInterface: BC62157E-3E33-4FEC-9920-2D3B36D750DF 7173398
ProtectUefiImageCommon - 0x7172B40
  - 0x0000000007155000 - 0x0000000000005DC0
InstallProtocolInterface: 11B34006-D85B-4D0A-A290-D5A571310EF7 715AA80
InstallProtocolInterface: 13A3F0F6-264A-3EF0-F2E0-DEC512342F34 715A9E0
InstallProtocolInterface: 5BE40F57-FA68-4610-BBBF-E9C5FCDAD365 715A9B0
InstallProtocolInterface: FD0F4478-0EFD-461D-BA2D-E58C45FD5F5E 715A990
Loading driver 2EC9DA37-EE35-4DE9-86C5-6D9A81DC38A7
InstallProtocolInterface: 5B1B31A1-9562-11D2-8E3F-00A0C969723B 71710C0
Loading driver at 0x00007167000 EntryPoint=0x000071695FC AmdSevDxe.efi
InstallProtocolInterface: BC62157E-3E33-4FEC-9920-2D3B36D750DF 7171A18
ProtectUefiImageCommon - 0x71710C0
  - 0x0000000007167000 - 0x0000000000004500
Error: Image at 00007167000 start failed: Unsupported
Loading driver E750224E-7BCE-40AF-B5BB-47E3611EB5C2
InstallProtocolInterface: 5B1B31A1-9562-11D2-8E3F-00A0C969723B 71710C0
Loading driver at 0x00007167000 EntryPoint=0x00007169153 TdxDxe.efi
InstallProtocolInterface: BC62157E-3E33-4FEC-9920-2D3B36D750DF 7171A98
ProtectUefiImageCommon - 0x71710C0
  - 0x0000000007167000 - 0x0000000000004C00
InstallProtocolInterface: BB00A5CA-08CE-462F-A537-43C74A825CA4 0
Loading driver 733CBAC2-B23F-4B92-BC8E-FB01CE5907B7
InstallProtocolInterface: 5B1B31A1-9562-11D2-8E3F-00A0C969723B 7171540
Loading driver at 0x000076E4000 EntryPoint=0x000076E7032 FvbServicesRuntimeDxe.efi
InstallProtocolInterface: BC62157E-3E33-4FEC-9920-2D3B36D750DF 7170B18
ProtectUefiImageCommon - 0x7171540
  - 0x00000000076E4000 - 0x0000000000009000
QEMU Flash: Attempting flash detection at FFC00010
QemuFlashDetected => FD behaves as ROM
QemuFlashDetected => No
QEMU flash was not detected. Writable FVB is not being installed.
Error: Image at 000076E4000 start failed: Write Protected
Loading driver D93CE3D8-A7EB-4730-8C8E-CC466A9ECC3C
InstallProtocolInterface: 5B1B31A1-9562-11D2-8E3F-00A0C969723B 7171540
Loading driver at 0x000076E6000 EntryPoint=0x000076E898E ReportStatusCodeRouterRuntimeDxe.efi
InstallProtocolInterface: BC62157E-3E33-4FEC-9920-2D3B36D750DF 716EE18
ProtectUefiImageCommon - 0x7171540
  - 0x00000000076E6000 - 0x0000000000007000
InstallProtocolInterface: 86212936-0E76-41C8-A03A-2AF2FC1C39E2 76EB060
InstallProtocolInterface: D2B2B828-0826-48A7-B3DF-983C006024F0 76EB040
Loading driver B601F8C4-43B7-4784-95B1-F4226CB40CEE
InstallProtocolInterface: 5B1B31A1-9562-11D2-8E3F-00A0C969723B 716E1C0
Loading driver at 0x000076E0000 EntryPoint=0x000076E25D5 RuntimeDxe.efi
InstallProtocolInterface: BC62157E-3E33-4FEC-9920-2D3B36D750DF 716E798
ProtectUefiImageCommon - 0x716E1C0
  - 0x00000000076E0000 - 0x0000000000006000
InstallProtocolInterface: B7DFB4E1-052F-449F-87BE-9818FC91B733 76E4080
Loading driver F80697E9-7FD6-4665-8646-88E33EF71DFC
InstallProtocolInterface: 5B1B31A1-9562-11D2-8E3F-00A0C969723B 716DCC0
Loading driver at 0x0000714F000 EntryPoint=0x000071506AA SecurityStubDxe.efi
InstallProtocolInterface: BC62157E-3E33-4FEC-9920-2D3B36D750DF 716DB18
ProtectUefiImageCommon - 0x716DCC0
  - 0x000000000714F000 - 0x0000000000002E00
InstallProtocolInterface: 94AB2F58-1438-4EF1-9152-18941A3A0E68 7151C18
InstallProtocolInterface: A46423E3-4617-49F1-B9FF-D1BFA9115839 7151C10
InstallProtocolInterface: 15853D7C-3DDF-43E0-A1CB-EBF85B8F872C 7151BF0
Loading driver 13AC6DD0-73D0-11D4-B06B-00AA00BD6DE7
InstallProtocolInterface: 5B1B31A1-9562-11D2-8E3F-00A0C969723B 716C040
Loading driver at 0x00007141000 EntryPoint=0x000071455DF EbcDxe.efi
InstallProtocolInterface: BC62157E-3E33-4FEC-9920-2D3B36D750DF 716CD18
ProtectUefiImageCommon - 0x716C040
  - 0x0000000007141000 - 0x0000000000006100
InstallProtocolInterface: 13AC6DD1-73D0-11D4-B06B-00AA00BD6DE7 716CE18
InstallProtocolInterface: 96F46153-97A7-4793-ACC1-FA19BF78EA97 7146B20
InstallProtocolInterface: 2755590C-6F3C-42FA-9EA4-A3BA543CDA25 716CC18
InstallProtocolInterface: AAEACCFD-F27B-4C17-B610-75CA1F2DFB52 716C998
Loading driver A19B1FE7-C1BC-49F8-875F-54A5D542443F
InstallProtocolInterface: 5B1B31A1-9562-11D2-8E3F-00A0C969723B 716C540
Loading driver at 0x0000714B000 EntryPoint=0x0000714CBE6 CpuIo2Dxe.efi
InstallProtocolInterface: BC62157E-3E33-4FEC-9920-2D3B36D750DF 714EF98
ProtectUefiImageCommon - 0x716C540
  - 0x000000000714B000 - 0x0000000000002980
InstallProtocolInterface: AD61F191-AE5F-4C0E-B9FA-E869D288C64F 714D840
Loading driver 1A1E4886-9517-440E-9FDE-3BE44CEE2136
InstallProtocolInterface: 5B1B31A1-9562-11D2-8E3F-00A0C969723B 714E0C0
Loading driver at 0x00006D09000 EntryPoint=0x00006D0FDB1 CpuDxe.efi
InstallProtocolInterface: BC62157E-3E33-4FEC-9920-2D3B36D750DF 714EA98
ProtectUefiImageCommon - 0x714E0C0
  - 0x0000000006D09000 - 0x000000000001BF00
Paging: added 512 pages to page table pool
CurrentPagingContext:
  MachineType   - 0x8664
  PageTableBase - 0x7801000
  Attributes    - 0xC0000002
InstallProtocolInterface: 26BACCB1-6F42-11D4-BCE7-0080C73C8881 6D1E140
MemoryProtectionCpuArchProtocolNotify:
ProtectUefiImageCommon - 0x7EACCA8
  - 0x0000000007E88000 - 0x000000000002F000
ProtectUefiImageCommon - 0x71730C0
  - 0x000000000715B000 - 0x000000000000B4C0
ProtectUefiImageCommon - 0x7172B40
  - 0x0000000007155000 - 0x0000000000005DC0
ProtectUefiImageCommon - 0x71710C0
  - 0x0000000007167000 - 0x0000000000004C00
ProtectUefiImageCommon - 0x7171540
  - 0x00000000076E6000 - 0x0000000000007000
SetUefiImageMemoryAttributes - 0x00000000076E6000 - 0x0000000000001000 (0x0000000000004000)
SetUefiImageMemoryAttributes - 0x00000000076E7000 - 0x0000000000004000 (0x0000000000020000)
SetUefiImageMemoryAttributes - 0x00000000076EB000 - 0x0000000000002000 (0x0000000000004000)
ProtectUefiImageCommon - 0x716E1C0
  - 0x00000000076E0000 - 0x0000000000006000
SetUefiImageMemoryAttributes - 0x00000000076E0000 - 0x0000000000001000 (0x0000000000004000)
SetUefiImageMemoryAttributes - 0x00000000076E1000 - 0x0000000000003000 (0x0000000000020000)
SetUefiImageMemoryAttributes - 0x00000000076E4000 - 0x0000000000002000 (0x0000000000004000)
ProtectUefiImageCommon - 0x716DCC0
  - 0x000000000714F000 - 0x0000000000002E00
ProtectUefiImageCommon - 0x716C040
  - 0x0000000007141000 - 0x0000000000006100
ProtectUefiImageCommon - 0x716C540
  - 0x000000000714B000 - 0x0000000000002980
ProtectUefiImageCommon - 0x714E0C0
  - 0x0000000006D09000 - 0x000000000001BF00
ConvertPages: failed to find range A0000 - FFFFF
ConvertPages: failed to find range 80000000 - FBFFFFFF
ConvertPages: failed to find range FEC00000 - FEC00FFF
Failed to update capability: [8] 00000000FED00000 - 00000000FED003FF (C700000000000001 -> C700000000026001)
ConvertPages: failed to find range FEE00000 - FEEFFFFF
ConvertPages: failed to find range FD00000000 - FFFFFFFFFF
AP Loop Mode is 1
AP Vector: non-16-bit = 714A000/44A
MpHandOff->WaitLoopExecutionMode: 0000, sizeof (VOID *): 0008
GetMicrocodePatchInfoFromHob: MicrocodeBase = 0x0, MicrocodeSize = 0x0
CPU[0000]: Microcode revision = 00000000, expected = 00000000
Detect CPU count: 1
InstallProtocolInterface: 3FDDA605-A76E-4F46-AD29-12F4531B3D08 6D1E0E0
Loading driver F6697AC4-A776-4EE1-B643-1FEFF2B615BB
InstallProtocolInterface: 5B1B31A1-9562-11D2-8E3F-00A0C969723B 7149040
Loading driver at 0x00006D29000 EntryPoint=0x00006D2A234 IncompatiblePciDeviceSupportDxe.efi
InstallProtocolInterface: BC62157E-3E33-4FEC-9920-2D3B36D750DF 7152298
ProtectUefiImageCommon - 0x7149040
  - 0x0000000006D29000 - 0x0000000000002200
InstallProtocolInterface: EB23F55A-7863-4AC2-8D3D-956535DE0375 6D2B100
Loading driver 11A6EDF6-A9BE-426D-A6CC-B22FE51D9224
InstallProtocolInterface: 5B1B31A1-9562-11D2-8E3F-00A0C969723B 71493C0
Loading driver at 0x00006CFD000 EntryPoint=0x00006D00877 PciHotPlugInitDxe.efi
InstallProtocolInterface: BC62157E-3E33-4FEC-9920-2D3B36D750DF 7149B98
ProtectUefiImageCommon - 0x71493C0
  - 0x0000000006CFD000 - 0x00000000000052C0
InstallProtocolInterface: AA0E8BC1-DABC-46B0-A844-37B8169B2BEA 6D02190
Loading driver 4B28E4C7-FF36-4E10-93CF-A82159E777C5
InstallProtocolInterface: 5B1B31A1-9562-11D2-8E3F-00A0C969723B 7148040
Loading driver at 0x000076D9000 EntryPoint=0x000076DBC45 ResetSystemRuntimeDxe.efi
InstallProtocolInterface: BC62157E-3E33-4FEC-9920-2D3B36D750DF 7148E18
ProtectUefiImageCommon - 0x7148040
  - 0x00000000076D9000 - 0x0000000000007000
SetUefiImageMemoryAttributes - 0x00000000076D9000 - 0x0000000000001000 (0x0000000000004008)
SetUefiImageMemoryAttributes - 0x00000000076DA000 - 0x0000000000004000 (0x0000000000020008)
SetUefiImageMemoryAttributes - 0x00000000076DE000 - 0x0000000000002000 (0x0000000000004008)
InstallProtocolInterface: 27CFAC88-46CC-11D4-9A38-0090273FC14D 0
InstallProtocolInterface: 9DA34AE0-EAF9-4BBF-8EC3-FD60226C44BE 76DE108
InstallProtocolInterface: 695D7835-8D47-4C11-AB22-FA8ACCE7AE7A 76DE148
InstallProtocolInterface: 2DF6BA0B-7092-440D-BD04-FB091EC3F3C1 76DE0C8
Loading driver C8339973-A563-4561-B858-D8476F9DEFC4
InstallProtocolInterface: 5B1B31A1-9562-11D2-8E3F-00A0C969723B 6D28040
Loading driver at 0x00006D25000 EntryPoint=0x00006D262EB Metronome.efi
InstallProtocolInterface: BC62157E-3E33-4FEC-9920-2D3B36D750DF 7148598
ProtectUefiImageCommon - 0x6D28040
  - 0x0000000006D25000 - 0x00000000000027C0
InstallProtocolInterface: 26BACCB2-6F42-11D4-BCE7-0080C73C8881 6D27630
Loading driver 348C4D62-BFBD-4882-9ECE-C80BB1C4783B
InstallProtocolInterface: 5B1B31A1-9562-11D2-8E3F-00A0C969723B 6D289C0
Loading driver at 0x00006CC3000 EntryPoint=0x00006CDB0B8 HiiDatabase.efi
InstallProtocolInterface: BC62157E-3E33-4FEC-9920-2D3B36D750DF 6D28918
ProtectUefiImageCommon - 0x6D289C0
  - 0x0000000006CC3000 - 0x000000000001CA00
InstallProtocolInterface: E9CA4775-8657-47FC-97E7-7ED65A084324 6CDF5A8
InstallProtocolInterface: 0FD96974-23AA-4CDC-B9CB-98D17750322A 6CDF620
InstallProtocolInterface: EF9FC172-A1B2-4693-B327-6D32FC416042 6CDF648
InstallProtocolInterface: 587E72D7-CC50-4F79-8209-CA291FC1A10F 6CDF6A0
InstallProtocolInterface: 0A8BADD5-03B8-4D19-B128-7B8F0EDAA596 6CDF6D0
InstallProtocolInterface: 31A6406A-6BDF-4E46-B2A2-EBAA89C40920 6CDF5C8
InstallProtocolInterface: 1A1241E6-8F19-41A9-BC0E-E8EF39E06546 6CDF5F0
Loading driver 96B5C032-DF4C-4B6E-8232-438DCF448D0E
InstallProtocolInterface: 5B1B31A1-9562-11D2-8E3F-00A0C969723B 6D2E7C0
Loading driver at 0x00006D03000 EntryPoint=0x00006D0425C NullMemoryTestDxe.efi
InstallProtocolInterface: BC62157E-3E33-4FEC-9920-2D3B36D750DF 6D2E118
ProtectUefiImageCommon - 0x6D2E7C0
  - 0x0000000006D03000 - 0x0000000000002300
InstallProtocolInterface: 309DE7F1-7F5E-4ACE-B49C-531BE5AA95EF 6D05160
Loading driver 9622E42C-8E38-4A08-9E8F-54F784652F6B
InstallProtocolInterface: 5B1B31A1-9562-11D2-8E3F-00A0C969723B 6D2D040
Loading driver at 0x00006CED000 EntryPoint=0x00006CF11D6 AcpiTableDxe.efi
InstallProtocolInterface: BC62157E-3E33-4FEC-9920-2D3B36D750DF 6D2E418
ProtectUefiImageCommon - 0x6D2D040
  - 0x0000000006CED000 - 0x0000000000007780
InstallProtocolInterface: FFE06BDD-6107-46A6-7BB2-5A9C7EC5275C 6D2D320
InstallProtocolInterface: EB97088E-CFDF-49C6-BE4B-D906A5B20E86 6D2D330
Loading driver BDCE85BB-FBAA-4F4E-9264-501A2C249581
InstallProtocolInterface: 5B1B31A1-9562-11D2-8E3F-00A0C969723B 6D2D440
Loading driver at 0x00006CE6000 EntryPoint=0x00006CEA02F S3SaveStateDxe.efi
InstallProtocolInterface: BC62157E-3E33-4FEC-9920-2D3B36D750DF 6D2DA18
ProtectUefiImageCommon - 0x6D2D440
  - 0x0000000006CE6000 - 0x0000000000006480
InstallProtocolInterface: BD445D79-B7AD-4F04-9AD8-29BD2040EB3C 0
InstallProtocolInterface: E857CAF6-C046-45DC-BE3F-EE0765FBA887 6CEC1C0
Loading driver A210F973-229D-4F4D-AA37-9895E6C9EABA
InstallProtocolInterface: 5B1B31A1-9562-11D2-8E3F-00A0C969723B 6D2C1C0
Loading driver at 0x00006CFA000 EntryPoint=0x00006CFB366 DpcDxe.efi
InstallProtocolInterface: BC62157E-3E33-4FEC-9920-2D3B36D750DF 6D2CB98
ProtectUefiImageCommon - 0x6D2C1C0
  - 0x0000000006CFA000 - 0x0000000000002200
InstallProtocolInterface: 480F8AE9-0C46-4AA9-BC89-DB9FBA619806 6CFBEC0
Loading driver 8657015B-EA43-440D-949A-AF3BE365C0FC
InstallProtocolInterface: 5B1B31A1-9562-11D2-8E3F-00A0C969723B 6D08040
Loading driver at 0x00006CB5000 EntryPoint=0x00006CB8ED8 IoMmuDxe.efi
InstallProtocolInterface: BC62157E-3E33-4FEC-9920-2D3B36D750DF 6D2C698
ProtectUefiImageCommon - 0x6D08040
  - 0x0000000006CB5000 - 0x0000000000006600
InstallProtocolInterface: F8775D50-8ABD-4ADF-92AC-853E51F6C8DC 0
Loading driver 22DC2B60-FE40-42AC-B01F-3AB1FAD9AAD8
InstallProtocolInterface: 5B1B31A1-9562-11D2-8E3F-00A0C969723B 6D089C0
Loading driver at 0x000076D3000 EntryPoint=0x000076D5523 EmuVariableFvbRuntimeDxe.efi
InstallProtocolInterface: BC62157E-3E33-4FEC-9920-2D3B36D750DF 6D08818
ProtectUefiImageCommon - 0x6D089C0
  - 0x00000000076D3000 - 0x0000000000006000
SetUefiImageMemoryAttributes - 0x00000000076D3000 - 0x0000000000001000 (0x0000000000004008)
SetUefiImageMemoryAttributes - 0x00000000076D4000 - 0x0000000000003000 (0x0000000000020008)
SetUefiImageMemoryAttributes - 0x00000000076D7000 - 0x0000000000002000 (0x0000000000004008)
EMU Variable FVB Started
EMU Variable FVB: Using pre-reserved block at 7EF4000
EMU Variable FVB: Basic FV headers were invalid
Installing FVB for EMU Variable support
InstallProtocolInterface: 8F644FA9-E850-4DB1-9CE2-0B44698E8DA4 76D7140
InstallProtocolInterface: 09576E91-6D3F-11D2-8E39-00A0C969723B 76D7108
Loading driver CBD2E4D5-7068-4FF5-B462-9822B4AD8D60
InstallProtocolInterface: 5B1B31A1-9562-11D2-8E3F-00A0C969723B 6D07BC0
Loading driver at 0x000076C3000 EntryPoint=0x000076CBFA1 VariableRuntimeDxe.efi
InstallProtocolInterface: BC62157E-3E33-4FEC-9920-2D3B36D750DF 6D07798
ProtectUefiImageCommon - 0x6D07BC0
  - 0x00000000076C3000 - 0x0000000000010000
SetUefiImageMemoryAttributes - 0x00000000076C3000 - 0x0000000000001000 (0x0000000000004008)
SetUefiImageMemoryAttributes - 0x00000000076C4000 - 0x000000000000D000 (0x0000000000020008)
SetUefiImageMemoryAttributes - 0x00000000076D1000 - 0x0000000000002000 (0x0000000000004008)
VarCheckLibRegisterSetVariableCheckHandler - 0x76C773C Success
Variable driver common space: 0x3FF9C 0x3FF9C 0x3FF9C
Variable driver will work with auth variable format!
InstallProtocolInterface: CD3D0A05-9E24-437C-A891-1EE053DB7638 76D17D0
InstallProtocolInterface: AF23B340-97B4-4685-8D4F-A3F28169B21D 76D17A0
InstallProtocolInterface: 1E5668E2-8481-11D4-BCF1-0080C73C8881 0
VarCheckLibRegisterSetVariableCheckHandler - 0x76C7527 Success
InstallProtocolInterface: 81D1675C-86F6-48DF-BD95-9A6E4F0925C3 76D1740
Loading driver 6C2004EF-4E0E-4BE4-B14C-340EB4AA5891
InstallProtocolInterface: 5B1B31A1-9562-11D2-8E3F-00A0C969723B 6D060C0
Loading driver at 0x000076BE000 EntryPoint=0x000076C00AD StatusCodeHandlerRuntimeDxe.efi
InstallProtocolInterface: BC62157E-3E33-4FEC-9920-2D3B36D750DF 6D06C98
ProtectUefiImageCommon - 0x6D060C0
  - 0x00000000076BE000 - 0x0000000000005000
SetUefiImageMemoryAttributes - 0x00000000076BE000 - 0x0000000000001000 (0x0000000000004008)
SetUefiImageMemoryAttributes - 0x00000000076BF000 - 0x0000000000003000 (0x0000000000020008)
SetUefiImageMemoryAttributes - 0x00000000076C2000 - 0x0000000000001000 (0x0000000000004008)
Loading driver 52FE8196-F9DE-4D07-B22F-51F77A0E7C41
InstallProtocolInterface: 5B1B31A1-9562-11D2-8E3F-00A0C969723B 6CF5040
Loading driver at 0x00006CE2000 EntryPoint=0x00006CE3ADD LocalApicTimerDxe.efi
InstallProtocolInterface: BC62157E-3E33-4FEC-9920-2D3B36D750DF 6D06598
ProtectUefiImageCommon - 0x6CF5040
  - 0x0000000006CE2000 - 0x0000000000003240
InstallProtocolInterface: 26BACCB3-6F42-11D4-BCE7-0080C73C8881 6CE5060
Loading driver 128FB770-5E79-4176-9E51-9BB268A17DD1
InstallProtocolInterface: 5B1B31A1-9562-11D2-8E3F-00A0C969723B 6CF59C0
Loading driver at 0x00006C9F000 EntryPoint=0x00006CA6330 PciHostBridgeDxe.efi
InstallProtocolInterface: BC62157E-3E33-4FEC-9920-2D3B36D750DF 6CF5318
ProtectUefiImageCommon - 0x6CF59C0
  - 0x0000000006C9F000 - 0x000000000000A280
Select Item: 0x0
FW CFG Signature: 0x554D4551
Select Item: 0x1
FW CFG Revision: 0x3
QemuFwCfg interface (DMA) is supported.
Select Item: 0x19
Select Item: 0x19
PciHostBridgeUtilityInitRootBridge: populated root bus 0, with room for 255 subordinate bus(es)
RootBridge: PciRoot(0x0)
  Support/Attr: 70069 / 70069
    DmaAbove4G: No
NoExtConfSpace: Yes
     AllocAttr: 3 (CombineMemPMem Mem64Decode)
           Bus: 0 - FF Translation=0
            Io: C000 - FFFF Translation=0
           Mem: 80000000 - FBFFFFFF Translation=0
    MemAbove4G: C000000000 - DFFFFFFFFF Translation=0
          PMem: FFFFFFFFFFFFFFFF - 0 Translation=0
   PMemAbove4G: FFFFFFFFFFFFFFFF - 0 Translation=0
InstallProtocolInterface: CF8034BE-6768-4D8B-B739-7CCE683A9FBE 6CF5640
InstallProtocolInterface: 09576E91-6D3F-11D2-8E39-00A0C969723B 6CF5718
InstallProtocolInterface: 2F707EBB-4A1A-11D4-9A38-0090273FC14D 6CF9CF0
Loading driver EBF342FE-B1D3-4EF8-957C-8048606FF671
InstallProtocolInterface: 5B1B31A1-9562-11D2-8E3F-00A0C969723B 6CF92C0
Loading driver at 0x00006C6D000 EntryPoint=0x00006C7D0C8 SetupBrowser.efi
InstallProtocolInterface: BC62157E-3E33-4FEC-9920-2D3B36D750DF 6CF9598
ProtectUefiImageCommon - 0x6CF92C0
  - 0x0000000006C6D000 - 0x0000000000018980
InstallProtocolInterface: B9D4C360-BCFB-4F9B-9298-53C136982258 6C85470
InstallProtocolInterface: A770C357-B693-4E6D-A6CF-D21C728E550B 6C854A0
InstallProtocolInterface: 1F73B18D-4630-43C1-A1DE-6F80855D7DA4 6C85480
Loading driver F9D88642-0737-49BC-81B5-6889CD57D9EA
InstallProtocolInterface: 5B1B31A1-9562-11D2-8E3F-00A0C969723B 6CF8140
Loading driver at 0x00006CAF000 EntryPoint=0x00006CB2544 SmbiosDxe.efi
InstallProtocolInterface: BC62157E-3E33-4FEC-9920-2D3B36D750DF 6CF8718
ProtectUefiImageCommon - 0x6CF8140
  - 0x0000000006CAF000 - 0x0000000000005F40
Select Item: 0x0
FW CFG Signature: 0x554D4551
Select Item: 0x1
FW CFG Revision: 0x3
QemuFwCfg interface (DMA) is supported.
Select Item: 0x19
Select Item: 0x19
Select Item: 0x26
DetectSmbiosVersion: SMBIOS version from QEMU: 0x0208
InstallProtocolInterface: 03583FF6-CB36-4940-947E-B9B39F4AFAF7 6CB4DD0
Loading driver 17985E6F-E778-4D94-AEFA-C5DD2B77E186
InstallProtocolInterface: 5B1B31A1-9562-11D2-8E3F-00A0C969723B 6CF7CC0
Loading driver at 0x00006C8F000 EntryPoint=0x00006C93613 QemuFwCfgAcpiPlatform.efi
InstallProtocolInterface: BC62157E-3E33-4FEC-9920-2D3B36D750DF 6CF7198
ProtectUefiImageCommon - 0x6CF7CC0
  - 0x0000000006C8F000 - 0x00000000000070C0
Select Item: 0x0
FW CFG Signature: 0x554D4551
Select Item: 0x1
FW CFG Revision: 0x3
QemuFwCfg interface (DMA) is supported.
AcpiPlatformEntryPoint: waiting for root bridges to be connected, registered callback
Loading driver FA20568B-548B-4B2B-81EF-1BA08D4A3CEC
InstallProtocolInterface: 5B1B31A1-9562-11D2-8E3F-00A0C969723B 6CF7340
Loading driver at 0x00006C3D000 EntryPoint=0x00006C42C8D BootScriptExecutorDxe.efi
InstallProtocolInterface: BC62157E-3E33-4FEC-9920-2D3B36D750DF 6CF7618
ProtectUefiImageCommon - 0x6CF7340
  - 0x0000000006C3D000 - 0x0000000000017A80
Loading driver A487A478-51EF-48AA-8794-7BEE2A0562F1
InstallProtocolInterface: 5B1B31A1-9562-11D2-8E3F-00A0C969723B 6CF6D40
Loading driver at 0x00006C57000 EntryPoint=0x00006C5D754 tftpDynamicCommand.efi
InstallProtocolInterface: BC62157E-3E33-4FEC-9920-2D3B36D750DF 6CF6B18
InstallProtocolInterface: 6A1EE763-D47A-43B4-AABE-EF1DE2AB56FC 6C5FD30
ProtectUefiImageCommon - 0x6CF6D40
  - 0x0000000006C57000 - 0x000000000000A880
InstallProtocolInterface: 3C7200E9-005F-4EA4-87DE-A3DFAC8A27C3 6C5F960
Loading driver 19618BCE-55AE-09C6-37E9-4CE04084C7A1
InstallProtocolInterface: 5B1B31A1-9562-11D2-8E3F-00A0C969723B 6CC2040
Loading driver at 0x00006C23000 EntryPoint=0x00006C2AE30 httpDynamicCommand.efi
InstallProtocolInterface: BC62157E-3E33-4FEC-9920-2D3B36D750DF 6CF6318
InstallProtocolInterface: 6A1EE763-D47A-43B4-AABE-EF1DE2AB56FC 6C2DA30
ProtectUefiImageCommon - 0x6CC2040
  - 0x0000000006C23000 - 0x000000000000CCC0
InstallProtocolInterface: 3C7200E9-005F-4EA4-87DE-A3DFAC8A27C3 6C2D5A0
Loading driver 2F30DA26-F51B-4B6F-85C4-31873C281BCA
InstallProtocolInterface: 5B1B31A1-9562-11D2-8E3F-00A0C969723B 6CC24C0
Loading driver at 0x00006C87000 EntryPoint=0x00006C8C043 LinuxInitrdDynamicShellCommand.efi
InstallProtocolInterface: BC62157E-3E33-4FEC-9920-2D3B36D750DF 6CC2818
InstallProtocolInterface: 6A1EE763-D47A-43B4-AABE-EF1DE2AB56FC 6C8E1B0
ProtectUefiImageCommon - 0x6CC24C0
  - 0x0000000006C87000 - 0x0000000000007CC0
InstallProtocolInterface: 3C7200E9-005F-4EA4-87DE-A3DFAC8A27C3 6C8DE50
Loading driver F74D20EE-37E7-48FC-97F7-9B1047749C69
InstallProtocolInterface: 5B1B31A1-9562-11D2-8E3F-00A0C969723B 6CBDB40
Loading driver at 0x00006C9A000 EntryPoint=0x00006C9B032 LogoDxe.efi
InstallProtocolInterface: BC62157E-3E33-4FEC-9920-2D3B36D750DF 6CBEB18
InstallProtocolInterface: 6A1EE763-D47A-43B4-AABE-EF1DE2AB56FC 6C9BCF0
ProtectUefiImageCommon - 0x6CBDB40
  - 0x0000000006C9A000 - 0x0000000000004C40
InstallProtocolInterface: 53CD299F-2BC1-40C0-8C07-23F64FDB30E0 6C9BB40
Loading driver DCE1B094-7DC6-45D0-9FDD-D7FC3CC3E4EF
InstallProtocolInterface: 5B1B31A1-9562-11D2-8E3F-00A0C969723B 6CBCB40
Loading driver at 0x00006C63000 EntryPoint=0x00006C659DE QemuRamfbDxe.efi
InstallProtocolInterface: BC62157E-3E33-4FEC-9920-2D3B36D750DF 6CBD798
ProtectUefiImageCommon - 0x6CBCB40
  - 0x0000000006C63000 - 0x0000000000004F00
Select Item: 0x0
FW CFG Signature: 0x554D4551
Select Item: 0x1
FW CFG Revision: 0x3
QemuFwCfg interface (DMA) is supported.
Select Item: 0x19
Error: Image at 00006C63000 start failed: Not Found
Loading driver FE5CEA76-4F72-49E8-986F-2CD899DFFE5D
InstallProtocolInterface: 5B1B31A1-9562-11D2-8E3F-00A0C969723B 6CBCB40
Loading driver at 0x00006C37000 EntryPoint=0x00006C3AD8F FaultTolerantWriteDxe.efi
InstallProtocolInterface: BC62157E-3E33-4FEC-9920-2D3B36D750DF 6CBD818
ProtectUefiImageCommon - 0x6CBCB40
  - 0x0000000006C37000 - 0x0000000000005AC0
Ftw: FtwWorkSpaceLba - 0x40, WorkBlockSize  - 0x1000, FtwWorkSpaceBase - 0x0
Ftw: FtwSpareLba     - 0x42, SpareBlockSize - 0x1000
Ftw: NumberOfWorkBlock - 0x1, FtwWorkBlockLba - 0x40
Ftw: WorkSpaceLbaInSpare - 0x0, WorkSpaceBaseInSpare - 0x0
Ftw: Remaining work space size - FE0
Ftw: Work block header check mismatch
Ftw: Work block header check mismatch
Ftw: Both working and spare blocks are invalid, init workspace
Ftw: start to reclaim work space
Ftw: reclaim work space successfully
InstallProtocolInterface: 3EBD9E82-2C78-4DE6-9786-8D4BFCB7C881 6C98028
NOTICE - AuthVariableLibInitialize() returns Unsupported!
Variable driver will continue to work without auth variable support!
RecordSecureBootPolicyVarData GetVariable SecureBoot Status E
InstallProtocolInterface: 6441F818-6362-4E44-B570-7DBA31DD2453 0
Loading driver 378D7B65-8DA9-4773-B6E4-A47826A833E1
InstallProtocolInterface: 5B1B31A1-9562-11D2-8E3F-00A0C969723B 6CBC3C0
Loading driver at 0x000076B7000 EntryPoint=0x000076BA443 PcRtc.efi
InstallProtocolInterface: BC62157E-3E33-4FEC-9920-2D3B36D750DF 6CBC718
ProtectUefiImageCommon - 0x6CBC3C0
  - 0x00000000076B7000 - 0x0000000000007000
SetUefiImageMemoryAttributes - 0x00000000076B7000 - 0x0000000000001000 (0x0000000000004008)
SetUefiImageMemoryAttributes - 0x00000000076B8000 - 0x0000000000005000 (0x0000000000020008)
SetUefiImageMemoryAttributes - 0x00000000076BD000 - 0x0000000000001000 (0x0000000000004008)
InstallProtocolInterface: 27CFAC87-46CC-11D4-9A38-0090273FC14D 0
Loading driver F099D67F-71AE-4C36-B2A3-DCEB0EB2B7D8
InstallProtocolInterface: 5B1B31A1-9562-11D2-8E3F-00A0C969723B 6CAA840
Loading driver at 0x00006C67000 EntryPoint=0x00006C680EF WatchdogTimer.efi
InstallProtocolInterface: BC62157E-3E33-4FEC-9920-2D3B36D750DF 6CAA618
ProtectUefiImageCommon - 0x6CAA840
  - 0x0000000006C67000 - 0x0000000000002040
InstallProtocolInterface: 665E3FF5-46CC-11D4-9A38-0090273FC14D 6C68E90
Loading driver AD608272-D07F-4964-801E-7BD3B7888652
InstallProtocolInterface: 5B1B31A1-9562-11D2-8E3F-00A0C969723B 6C97040
Loading driver at 0x000076B3000 EntryPoint=0x000076B4EC3 MonotonicCounterRuntimeDxe.efi
InstallProtocolInterface: BC62157E-3E33-4FEC-9920-2D3B36D750DF 6C97E18
ProtectUefiImageCommon - 0x6C97040
  - 0x00000000076B3000 - 0x0000000000004000
SetUefiImageMemoryAttributes - 0x00000000076B3000 - 0x0000000000001000 (0x0000000000004008)
SetUefiImageMemoryAttributes - 0x00000000076B4000 - 0x0000000000002000 (0x0000000000020008)
SetUefiImageMemoryAttributes - 0x00000000076B6000 - 0x0000000000001000 (0x0000000000004008)
InstallProtocolInterface: 1DA97072-BDDC-4B30-99F1-72A0B56FFF2A 0
Loading driver 42857F0A-13F2-4B21-8A23-53D3F714B840
InstallProtocolInterface: 5B1B31A1-9562-11D2-8E3F-00A0C969723B 6C97440
Loading driver at 0x000076AE000 EntryPoint=0x000076B0134 CapsuleRuntimeDxe.efi
InstallProtocolInterface: BC62157E-3E33-4FEC-9920-2D3B36D750DF 6C86018
ProtectUefiImageCommon - 0x6C97440
  - 0x00000000076AE000 - 0x0000000000005000
SetUefiImageMemoryAttributes - 0x00000000076AE000 - 0x0000000000001000 (0x0000000000004008)
SetUefiImageMemoryAttributes - 0x00000000076AF000 - 0x0000000000003000 (0x0000000000020008)
SetUefiImageMemoryAttributes - 0x00000000076B2000 - 0x0000000000001000 (0x0000000000004008)
InstallProtocolInterface: 5053697E-2CBC-4819-90D9-0580DEEE5754 0
Loading driver EBF8ED7C-0DD1-4787-84F1-F48D537DCACF
InstallProtocolInterface: 5B1B31A1-9562-11D2-8E3F-00A0C969723B 6C867C0
Loading driver at 0x00006C1D000 EntryPoint=0x00006C20BFC DriverHealthManagerDxe.efi
InstallProtocolInterface: BC62157E-3E33-4FEC-9920-2D3B36D750DF 6C86718
ProtectUefiImageCommon - 0x6C867C0
  - 0x0000000006C1D000 - 0x0000000000005F80
InstallProtocolInterface: 09576E91-6D3F-11D2-8E39-00A0C969723B 6C229A0
InstallProtocolInterface: 330D4706-F2A0-4E4F-A369-B66FA8D54385 6C22970
Loading driver 6D33944A-EC75-4855-A54D-809C75241F6C
InstallProtocolInterface: 5B1B31A1-9562-11D2-8E3F-00A0C969723B 6C6BD40
Loading driver at 0x000069E4000 EntryPoint=0x000069F64E2 BdsDxe.efi
InstallProtocolInterface: BC62157E-3E33-4FEC-9920-2D3B36D750DF 6C6C498
ProtectUefiImageCommon - 0x6C6BD40
  - 0x00000000069E4000 - 0x000000000001B840
Select Item: 0x0
FW CFG Signature: 0x554D4551
Select Item: 0x1
FW CFG Revision: 0x3
QemuFwCfg interface (DMA) is supported.
InstallProtocolInterface: 665E3FF6-46CC-11D4-9A38-0090273FC14D 69FF590
Loading driver 28A03FF4-12B3-4305-A417-BB1A4F94081E
InstallProtocolInterface: 5B1B31A1-9562-11D2-8E3F-00A0C969723B 6C6B2C0
Loading driver at 0x00006C07000 EntryPoint=0x00006C0DA84 RamDiskDxe.efi
InstallProtocolInterface: BC62157E-3E33-4FEC-9920-2D3B36D750DF 6C6B518
ProtectUefiImageCommon - 0x6C6B2C0
  - 0x0000000006C07000 - 0x000000000000AA00
InstallProtocolInterface: 09576E91-6D3F-11D2-8E39-00A0C969723B 6C6BA98
InstallProtocolInterface: 330D4706-F2A0-4E4F-A369-B66FA8D54385 6C116D8
InstallProtocolInterface: 09576E91-6D3F-11D2-8E39-00A0C969723B 6C11770
InstallProtocolInterface: 330D4706-F2A0-4E4F-A369-B66FA8D54385 6C6ACB0
InstallProtocolInterface: AB38A0DF-6873-44A9-87E6-D4EB56148449 6C11460
InstallProtocolInterface: 28A03FF4-12B3-4305-A417-BB1A4F94081E 6C6AC98
Loading driver E660EA85-058E-4B55-A54B-F02F83A24707
InstallProtocolInterface: 5B1B31A1-9562-11D2-8E3F-00A0C969723B 6C657C0
Loading driver at 0x000069BC000 EntryPoint=0x000069CA4E0 DisplayEngine.efi
InstallProtocolInterface: BC62157E-3E33-4FEC-9920-2D3B36D750DF 6C65B98
ProtectUefiImageCommon - 0x6C657C0
  - 0x00000000069BC000 - 0x00000000000138C0
InstallProtocolInterface: 9BBE29E9-FDA1-41EC-AD52-452213742D2E 69CDD30
InstallProtocolInterface: 4311EDC0-6054-46D4-9E40-893EA952FCCC 69CDD48
Loading driver 4110465D-5FF3-4F4B-B580-24ED0D06747A
InstallProtocolInterface: 5B1B31A1-9562-11D2-8E3F-00A0C969723B 6C551C0
Loading driver at 0x00006C19000 EntryPoint=0x00006C1B029 SmbiosPlatformDxe.efi
InstallProtocolInterface: BC62157E-3E33-4FEC-9920-2D3B36D750DF 6C6A798
ProtectUefiImageCommon - 0x6C551C0
  - 0x0000000006C19000 - 0x0000000000003F00
Select Item: 0x0
FW CFG Signature: 0x554D4551
Select Item: 0x1
FW CFG Revision: 0x3
QemuFwCfg interface (DMA) is supported.
Select Item: 0x19
Select Item: 0x27
SmbiosAdd: Smbios type 1 with size 0x51 is added to 32-bit table
SmbiosCreateTable: Initialize 32-bit entry point structure
SmbiosCreateTable() re-allocate SMBIOS 32-bit table
SmbiosAdd: Smbios type 3 with size 0x2A is added to 32-bit table
SmbiosAdd: Smbios type 4 with size 0x44 is added to 32-bit table
SmbiosAdd: Smbios type 16 with size 0x19 is added to 32-bit table
SmbiosAdd: Smbios type 17 with size 0x35 is added to 32-bit table
SmbiosAdd: Smbios type 19 with size 0x21 is added to 32-bit table
SmbiosAdd: Smbios type 32 with size 0xD is added to 32-bit table
FirmwareVendor:            "EDK II" (6 chars)
FirmwareVersionString:     "unknown" (7 chars)
FirmwareReleaseDateString: "2/2/2022" (8 chars)
SmbiosAdd: Smbios type 0 with size 0x33 is added to 32-bit table
Loading driver D9DCC5DF-4007-435E-9098-8970935504B2
InstallProtocolInterface: 5B1B31A1-9562-11D2-8E3F-00A0C969723B 6C353C0
Loading driver at 0x00006C01000 EntryPoint=0x00006C046FF PlatformDxe.efi
InstallProtocolInterface: BC62157E-3E33-4FEC-9920-2D3B36D750DF 6C35018
ProtectUefiImageCommon - 0x6C353C0
  - 0x0000000006C01000 - 0x0000000000005CC0
InstallProtocolInterface: 09576E91-6D3F-11D2-8E39-00A0C969723B 6C06AC0
InstallProtocolInterface: 330D4706-F2A0-4E4F-A369-B66FA8D54385 6C06B90
Loading driver 93B80004-9FB3-11D4-9A3A-0090273FC14D
InstallProtocolInterface: 5B1B31A1-9562-11D2-8E3F-00A0C969723B 6C33AC0
Loading driver at 0x000069AD000 EntryPoint=0x000069B8F5D PciBusDxe.efi
InstallProtocolInterface: BC62157E-3E33-4FEC-9920-2D3B36D750DF 6C33D18
ProtectUefiImageCommon - 0x6C33AC0
  - 0x00000000069AD000 - 0x000000000000EF80
InstallProtocolInterface: 18A031AB-B443-4D1A-A5C0-0C09261E9F71 69BBB00
InstallProtocolInterface: 107A772C-D5E1-11D4-9A46-0090273FC14D 69BB9E0
InstallProtocolInterface: 6A7A5CFF-E8D9-4F70-BADA-75AB3025CE14 69BBCC0
InstallProtocolInterface: 19CB87AB-2CB9-4665-8360-DDCF6054F79D 69BBCA0
Loading driver 83DD3B39-7CAF-4FAC-A542-E050B767E3A7
InstallProtocolInterface: 5B1B31A1-9562-11D2-8E3F-00A0C969723B 6C334C0
Loading driver at 0x000069E0000 EntryPoint=0x000069E1D33 VirtioPciDeviceDxe.efi
InstallProtocolInterface: BC62157E-3E33-4FEC-9920-2D3B36D750DF 6C33798
ProtectUefiImageCommon - 0x6C334C0
  - 0x00000000069E0000 - 0x0000000000003140
InstallProtocolInterface: 18A031AB-B443-4D1A-A5C0-0C09261E9F71 69E2EE0
InstallProtocolInterface: 107A772C-D5E1-11D4-9A46-0090273FC14D 69E2F40
InstallProtocolInterface: 6A7A5CFF-E8D9-4F70-BADA-75AB3025CE14 69E2EC0
Loading driver 0170F60C-1D40-4651-956D-F0BD9879D527
InstallProtocolInterface: 5B1B31A1-9562-11D2-8E3F-00A0C969723B 6C32CC0
Loading driver at 0x000069DB000 EntryPoint=0x000069DE463 Virtio10.efi
InstallProtocolInterface: BC62157E-3E33-4FEC-9920-2D3B36D750DF 6C32198
ProtectUefiImageCommon - 0x6C32CC0
  - 0x00000000069DB000 - 0x0000000000004C80
InstallProtocolInterface: 18A031AB-B443-4D1A-A5C0-0C09261E9F71 69DFA20
InstallProtocolInterface: 107A772C-D5E1-11D4-9A46-0090273FC14D 69DFA80
InstallProtocolInterface: 6A7A5CFF-E8D9-4F70-BADA-75AB3025CE14 69DFA00
Loading driver 11D92DFB-3CA9-4F93-BA2E-4780ED3E03B5
InstallProtocolInterface: 5B1B31A1-9562-11D2-8E3F-00A0C969723B 6C322C0
Loading driver at 0x000069D7000 EntryPoint=0x000069D92EE VirtioBlkDxe.efi
InstallProtocolInterface: BC62157E-3E33-4FEC-9920-2D3B36D750DF 6C32618
ProtectUefiImageCommon - 0x6C322C0
  - 0x00000000069D7000 - 0x0000000000003700
InstallProtocolInterface: 18A031AB-B443-4D1A-A5C0-0C09261E9F71 69DA520
InstallProtocolInterface: 107A772C-D5E1-11D4-9A46-0090273FC14D 69DA580
InstallProtocolInterface: 6A7A5CFF-E8D9-4F70-BADA-75AB3025CE14 69DA500
Loading driver FAB5D4F4-83C0-4AAF-8480-442D11DF6CEA
InstallProtocolInterface: 5B1B31A1-9562-11D2-8E3F-00A0C969723B 6C31CC0
Loading driver at 0x000069D3000 EntryPoint=0x000069D5823 VirtioScsiDxe.efi
InstallProtocolInterface: BC62157E-3E33-4FEC-9920-2D3B36D750DF 6C31B98
ProtectUefiImageCommon - 0x6C31CC0
  - 0x00000000069D3000 - 0x0000000000003C00
InstallProtocolInterface: 18A031AB-B443-4D1A-A5C0-0C09261E9F71 69D6A20
InstallProtocolInterface: 107A772C-D5E1-11D4-9A46-0090273FC14D 69D6A80
InstallProtocolInterface: 6A7A5CFF-E8D9-4F70-BADA-75AB3025CE14 69D6A00
Loading driver 58E26F0D-CBAC-4BBA-B70F-18221415665A
InstallProtocolInterface: 5B1B31A1-9562-11D2-8E3F-00A0C969723B 6C313C0
Loading driver at 0x000069A9000 EntryPoint=0x000069AADBB VirtioRngDxe.efi
InstallProtocolInterface: BC62157E-3E33-4FEC-9920-2D3B36D750DF 6C31698
ProtectUefiImageCommon - 0x6C313C0
  - 0x00000000069A9000 - 0x00000000000030C0
InstallProtocolInterface: 18A031AB-B443-4D1A-A5C0-0C09261E9F71 69ABEE0
InstallProtocolInterface: 107A772C-D5E1-11D4-9A46-0090273FC14D 69ABF40
InstallProtocolInterface: 6A7A5CFF-E8D9-4F70-BADA-75AB3025CE14 69ABEC0
Loading driver 23CACE14-EBA4-49F6-9681-C697FF0B649E
InstallProtocolInterface: 5B1B31A1-9562-11D2-8E3F-00A0C969723B 6C300C0
Loading driver at 0x000069A4000 EntryPoint=0x000069A72C6 VirtioSerialDxe.efi
InstallProtocolInterface: BC62157E-3E33-4FEC-9920-2D3B36D750DF 6C30A98
ProtectUefiImageCommon - 0x6C300C0
  - 0x00000000069A4000 - 0x0000000000004F80
InstallProtocolInterface: 18A031AB-B443-4D1A-A5C0-0C09261E9F71 69A8CC0
InstallProtocolInterface: 107A772C-D5E1-11D4-9A46-0090273FC14D 69A8D60
InstallProtocolInterface: 6A7A5CFF-E8D9-4F70-BADA-75AB3025CE14 69A8C90
Loading driver 51CCF399-4FDF-4E55-A45B-E123F84D456A
InstallProtocolInterface: 5B1B31A1-9562-11D2-8E3F-00A0C969723B 6C30540
Loading driver at 0x0000699F000 EntryPoint=0x000069A17A2 ConPlatformDxe.efi
InstallProtocolInterface: BC62157E-3E33-4FEC-9920-2D3B36D750DF 6C13018
ProtectUefiImageCommon - 0x6C30540
  - 0x000000000699F000 - 0x0000000000004080
InstallProtocolInterface: 18A031AB-B443-4D1A-A5C0-0C09261E9F71 69A2DE0
InstallProtocolInterface: 107A772C-D5E1-11D4-9A46-0090273FC14D 69A2EE0
InstallProtocolInterface: 6A7A5CFF-E8D9-4F70-BADA-75AB3025CE14 69A2DB0
InstallProtocolInterface: 18A031AB-B443-4D1A-A5C0-0C09261E9F71 69A2D80
InstallProtocolInterface: 107A772C-D5E1-11D4-9A46-0090273FC14D 69A2EE0
InstallProtocolInterface: 6A7A5CFF-E8D9-4F70-BADA-75AB3025CE14 69A2DB0
Loading driver 408EDCEC-CF6D-477C-A5A8-B4844E3DE281
InstallProtocolInterface: 5B1B31A1-9562-11D2-8E3F-00A0C969723B 6C13140
Loading driver at 0x0000698F000 EntryPoint=0x0000699418B ConSplitterDxe.efi
InstallProtocolInterface: BC62157E-3E33-4FEC-9920-2D3B36D750DF 6C13918
ProtectUefiImageCommon - 0x6C13140
  - 0x000000000698F000 - 0x00000000000076C0
InstallProtocolInterface: 18A031AB-B443-4D1A-A5C0-0C09261E9F71 69963A0
InstallProtocolInterface: 107A772C-D5E1-11D4-9A46-0090273FC14D 6996480
InstallProtocolInterface: 6A7A5CFF-E8D9-4F70-BADA-75AB3025CE14 6995CA0
InstallProtocolInterface: 18A031AB-B443-4D1A-A5C0-0C09261E9F71 6996320
InstallProtocolInterface: 107A772C-D5E1-11D4-9A46-0090273FC14D 6996460
InstallProtocolInterface: 6A7A5CFF-E8D9-4F70-BADA-75AB3025CE14 6995C80
InstallProtocolInterface: 18A031AB-B443-4D1A-A5C0-0C09261E9F71 69962A0
InstallProtocolInterface: 107A772C-D5E1-11D4-9A46-0090273FC14D 6996440
InstallProtocolInterface: 6A7A5CFF-E8D9-4F70-BADA-75AB3025CE14 6995C60
InstallProtocolInterface: 18A031AB-B443-4D1A-A5C0-0C09261E9F71 6996220
InstallProtocolInterface: 107A772C-D5E1-11D4-9A46-0090273FC14D 6996420
InstallProtocolInterface: 6A7A5CFF-E8D9-4F70-BADA-75AB3025CE14 6995C40
InstallProtocolInterface: 18A031AB-B443-4D1A-A5C0-0C09261E9F71 69961A0
InstallProtocolInterface: 107A772C-D5E1-11D4-9A46-0090273FC14D 6996400
InstallProtocolInterface: 6A7A5CFF-E8D9-4F70-BADA-75AB3025CE14 6995C20
InstallProtocolInterface: 387477C1-69C7-11D2-8E39-00A0C969723B 6995FD0
InstallProtocolInterface: DD9E7534-7762-4698-8C14-F58517A625AA 6996000
InstallProtocolInterface: 31878C87-0B75-11D5-9A4F-0090273FC14D 6996070
InstallProtocolInterface: 8D59D32B-C655-4AE9-9B15-F25904992A43 69960C8
InstallProtocolInterface: 387477C2-69C7-11D2-8E39-00A0C969723B 6995E90
InstallProtocolInterface: 387477C2-69C7-11D2-8E39-00A0C969723B 6995D70
Loading driver CCCB0C28-4B24-11D5-9A5A-0090273FC14D
InstallProtocolInterface: 5B1B31A1-9562-11D2-8E3F-00A0C969723B 6C15BC0
Loading driver at 0x00006989000 EntryPoint=0x0000698C046 GraphicsConsoleDxe.efi
InstallProtocolInterface: BC62157E-3E33-4FEC-9920-2D3B36D750DF 6C15A98
ProtectUefiImageCommon - 0x6C15BC0
  - 0x0000000006989000 - 0x0000000000005FC0
InstallProtocolInterface: 18A031AB-B443-4D1A-A5C0-0C09261E9F71 698D660
InstallProtocolInterface: 107A772C-D5E1-11D4-9A46-0090273FC14D 698EE00
InstallProtocolInterface: 6A7A5CFF-E8D9-4F70-BADA-75AB3025CE14 698D630
Loading driver 9E863906-A40F-4875-977F-5B93FF237FC6
InstallProtocolInterface: 5B1B31A1-9562-11D2-8E3F-00A0C969723B 6C15340
Loading driver at 0x00006979000 EntryPoint=0x0000697E941 TerminalDxe.efi
InstallProtocolInterface: BC62157E-3E33-4FEC-9920-2D3B36D750DF 6C14F98
ProtectUefiImageCommon - 0x6C15340
  - 0x0000000006979000 - 0x0000000000007D40
InstallProtocolInterface: 18A031AB-B443-4D1A-A5C0-0C09261E9F71 6980B40
InstallProtocolInterface: 107A772C-D5E1-11D4-9A46-0090273FC14D 6980BA0
InstallProtocolInterface: 6A7A5CFF-E8D9-4F70-BADA-75AB3025CE14 69808D0
Loading driver 806040CA-DAD9-4978-A3B4-2D2AB0C8A48F
InstallProtocolInterface: 5B1B31A1-9562-11D2-8E3F-00A0C969723B 6C14140
Loading driver at 0x00006974000 EntryPoint=0x000069763D4 QemuKernelLoaderFsDxe.efi
InstallProtocolInterface: BC62157E-3E33-4FEC-9920-2D3B36D750DF 6C14B18
ProtectUefiImageCommon - 0x6C14140
  - 0x0000000006974000 - 0x0000000000004580
Select Item: 0x0
FW CFG Signature: 0x554D4551
Select Item: 0x1
FW CFG Revision: 0x3
QemuFwCfg interface (DMA) is supported.
Select Item: 0x17
Select Item: 0x8
Select Item: 0xB
Select Item: 0x14
Error: Image at 00006974000 start failed: Not Found
Loading driver 6B38F7B4-AD98-40E9-9093-ACA2B5A253C4
InstallProtocolInterface: 5B1B31A1-9562-11D2-8E3F-00A0C969723B 6C14140
Loading driver at 0x00006974000 EntryPoint=0x00006976F49 DiskIoDxe.efi
InstallProtocolInterface: BC62157E-3E33-4FEC-9920-2D3B36D750DF 6C14598
ProtectUefiImageCommon - 0x6C14140
  - 0x0000000006974000 - 0x00000000000048C0
InstallProtocolInterface: 18A031AB-B443-4D1A-A5C0-0C09261E9F71 6978660
InstallProtocolInterface: 107A772C-D5E1-11D4-9A46-0090273FC14D 6978780
InstallProtocolInterface: 6A7A5CFF-E8D9-4F70-BADA-75AB3025CE14 6978640
Loading driver 1FA1F39E-FEFF-4AAE-BD7B-38A070A3B609
InstallProtocolInterface: 5B1B31A1-9562-11D2-8E3F-00A0C969723B 6C12040
Loading driver at 0x0000696D000 EntryPoint=0x00006971B31 PartitionDxe.efi
InstallProtocolInterface: BC62157E-3E33-4FEC-9920-2D3B36D750DF 6C12D18
ProtectUefiImageCommon - 0x6C12040
  - 0x000000000696D000 - 0x00000000000066C0
InstallProtocolInterface: 18A031AB-B443-4D1A-A5C0-0C09261E9F71 6973460
InstallProtocolInterface: 107A772C-D5E1-11D4-9A46-0090273FC14D 6973560
InstallProtocolInterface: 6A7A5CFF-E8D9-4F70-BADA-75AB3025CE14 6973440
Loading driver CD3BAFB6-50FB-4FE8-8E4E-AB74D2C1A600
InstallProtocolInterface: 5B1B31A1-9562-11D2-8E3F-00A0C969723B 6C12440
Loading driver at 0x00006998000 EntryPoint=0x000069992FE EnglishDxe.efi
InstallProtocolInterface: BC62157E-3E33-4FEC-9920-2D3B36D750DF 6C12C18
ProtectUefiImageCommon - 0x6C12440
  - 0x0000000006998000 - 0x00000000000022C0
InstallProtocolInterface: 1D85CD7F-F43D-11D2-9A0C-0090273FC14D 6999E20
InstallProtocolInterface: A4C751FC-23AE-4C3E-92E9-4964CF63F349 6999DC0
Loading driver 0167CCC4-D0F7-4F21-A3EF-9E64B7CDCE8B
InstallProtocolInterface: 5B1B31A1-9562-11D2-8E3F-00A0C969723B 6C00C40
Loading driver at 0x00006968000 EntryPoint=0x0000696AB36 ScsiBus.efi
InstallProtocolInterface: BC62157E-3E33-4FEC-9920-2D3B36D750DF 6C00A98
ProtectUefiImageCommon - 0x6C00C40
  - 0x0000000006968000 - 0x0000000000004080
InstallProtocolInterface: 18A031AB-B443-4D1A-A5C0-0C09261E9F71 696BE80
InstallProtocolInterface: 107A772C-D5E1-11D4-9A46-0090273FC14D 696BF20
InstallProtocolInterface: 6A7A5CFF-E8D9-4F70-BADA-75AB3025CE14 696BE60
Loading driver 0A66E322-3740-4CCE-AD62-BD172CECCA35
InstallProtocolInterface: 5B1B31A1-9562-11D2-8E3F-00A0C969723B 6C001C0
Loading driver at 0x00006954000 EntryPoint=0x0000695BF92 ScsiDisk.efi
InstallProtocolInterface: BC62157E-3E33-4FEC-9920-2D3B36D750DF 6C00518
ProtectUefiImageCommon - 0x6C001C0
  - 0x0000000006954000 - 0x0000000000009B80
InstallProtocolInterface: 18A031AB-B443-4D1A-A5C0-0C09261E9F71 695D9E0
InstallProtocolInterface: 107A772C-D5E1-11D4-9A46-0090273FC14D 695DA40
InstallProtocolInterface: 6A7A5CFF-E8D9-4F70-BADA-75AB3025CE14 695D960
Loading driver 820C59BB-274C-43B2-83EA-DAC673035A59
InstallProtocolInterface: 5B1B31A1-9562-11D2-8E3F-00A0C969723B 69D2B40
Loading driver at 0x00006981000 EntryPoint=0x00006983016 SataController.efi
InstallProtocolInterface: BC62157E-3E33-4FEC-9920-2D3B36D750DF 69D2098
ProtectUefiImageCommon - 0x69D2B40
  - 0x0000000006981000 - 0x0000000000003600
InstallProtocolInterface: 18A031AB-B443-4D1A-A5C0-0C09261E9F71 6984440
InstallProtocolInterface: 107A772C-D5E1-11D4-9A46-0090273FC14D 69844A0
InstallProtocolInterface: 6A7A5CFF-E8D9-4F70-BADA-75AB3025CE14 69843C0
Loading driver 5E523CB4-D397-4986-87BD-A6DD8B22F455
InstallProtocolInterface: 5B1B31A1-9562-11D2-8E3F-00A0C969723B 69D2240
Loading driver at 0x0000693C000 EntryPoint=0x0000694490E AtaAtapiPassThruDxe.efi
InstallProtocolInterface: BC62157E-3E33-4FEC-9920-2D3B36D750DF 69D2598
ProtectUefiImageCommon - 0x69D2240
  - 0x000000000693C000 - 0x000000000000B680
InstallProtocolInterface: 18A031AB-B443-4D1A-A5C0-0C09261E9F71 6947200
InstallProtocolInterface: 107A772C-D5E1-11D4-9A46-0090273FC14D 6947260
InstallProtocolInterface: 6A7A5CFF-E8D9-4F70-BADA-75AB3025CE14 6947180
Loading driver 19DF145A-B1D4-453F-8507-38816676D7F6
InstallProtocolInterface: 5B1B31A1-9562-11D2-8E3F-00A0C969723B 69D1CC0
Loading driver at 0x0000694D000 EntryPoint=0x00006951538 AtaBusDxe.efi
InstallProtocolInterface: BC62157E-3E33-4FEC-9920-2D3B36D750DF 69D1918
ProtectUefiImageCommon - 0x69D1CC0
  - 0x000000000694D000 - 0x0000000000006900
InstallProtocolInterface: 18A031AB-B443-4D1A-A5C0-0C09261E9F71 6953480
InstallProtocolInterface: 107A772C-D5E1-11D4-9A46-0090273FC14D 6953570
InstallProtocolInterface: 6A7A5CFF-E8D9-4F70-BADA-75AB3025CE14 6953550
Loading driver 5BE3BDF4-53CF-46A3-A6A9-73C34A6E5EE3
InstallProtocolInterface: 5B1B31A1-9562-11D2-8E3F-00A0C969723B 69D1340
Loading driver at 0x00006932000 EntryPoint=0x0000693932A NvmExpressDxe.efi
InstallProtocolInterface: BC62157E-3E33-4FEC-9920-2D3B36D750DF 69D1B18
ProtectUefiImageCommon - 0x69D1340
  - 0x0000000006932000 - 0x0000000000009C40
InstallProtocolInterface: 18A031AB-B443-4D1A-A5C0-0C09261E9F71 693BA80
InstallProtocolInterface: 107A772C-D5E1-11D4-9A46-0090273FC14D 693BAE0
InstallProtocolInterface: 6A7A5CFF-E8D9-4F70-BADA-75AB3025CE14 693B9B0
InstallProtocolInterface: 5C198761-16A8-4E69-972C-89D67954F81D 693B920
Loading driver 864E1CA8-85EB-4D63-9DCC-6E0FC90FFD55
InstallProtocolInterface: 5B1B31A1-9562-11D2-8E3F-00A0C969723B 69D0140
Loading driver at 0x00006964000 EntryPoint=0x00006965E09 SioBusDxe.efi
InstallProtocolInterface: BC62157E-3E33-4FEC-9920-2D3B36D750DF 69D0B18
ProtectUefiImageCommon - 0x69D0140
  - 0x0000000006964000 - 0x0000000000003300
InstallProtocolInterface: 18A031AB-B443-4D1A-A5C0-0C09261E9F71 69670A0
InstallProtocolInterface: 107A772C-D5E1-11D4-9A46-0090273FC14D 69671C0
InstallProtocolInterface: 6A7A5CFF-E8D9-4F70-BADA-75AB3025CE14 6967080
Loading driver E2775B47-D453-4EE3-ADA7-391A1B05AC17
InstallProtocolInterface: 5B1B31A1-9562-11D2-8E3F-00A0C969723B 69D0540
Loading driver at 0x00006924000 EntryPoint=0x0000692868B PciSioSerialDxe.efi
InstallProtocolInterface: BC62157E-3E33-4FEC-9920-2D3B36D750DF 699EF98
ProtectUefiImageCommon - 0x69D0540
  - 0x0000000006924000 - 0x0000000000006200
InstallProtocolInterface: 18A031AB-B443-4D1A-A5C0-0C09261E9F71 692A040
InstallProtocolInterface: 107A772C-D5E1-11D4-9A46-0090273FC14D 692A0A0
InstallProtocolInterface: 6A7A5CFF-E8D9-4F70-BADA-75AB3025CE14 6929EB0
Loading driver C4D1F932-821F-4744-BF06-6D30F7730F8D
InstallProtocolInterface: 5B1B31A1-9562-11D2-8E3F-00A0C969723B 699E140
Loading driver at 0x0000692C000 EntryPoint=0x0000692FE09 Ps2KeyboardDxe.efi
InstallProtocolInterface: BC62157E-3E33-4FEC-9920-2D3B36D750DF 699E398
ProtectUefiImageCommon - 0x699E140
  - 0x000000000692C000 - 0x0000000000005EC0
InstallProtocolInterface: 18A031AB-B443-4D1A-A5C0-0C09261E9F71 6931CE0
InstallProtocolInterface: 107A772C-D5E1-11D4-9A46-0090273FC14D 6931D40
InstallProtocolInterface: 6A7A5CFF-E8D9-4F70-BADA-75AB3025CE14 6931C70
Loading driver B8E62775-BB0A-43F0-A843-5BE8B14F8CCD
InstallProtocolInterface: 5B1B31A1-9562-11D2-8E3F-00A0C969723B 699D040
Loading driver at 0x00006961000 EntryPoint=0x000069626A3 BootGraphicsResourceTableDxe.efi
InstallProtocolInterface: BC62157E-3E33-4FEC-9920-2D3B36D750DF 699E598
ProtectUefiImageCommon - 0x699D040
  - 0x0000000006961000 - 0x0000000000002A40
InstallProtocolInterface: CDEA2BD3-FC25-4C1C-B97C-B31186064990 69637F0
InstallProtocolInterface: 4B5DC1DF-1EAA-48B2-A7E9-EAC489A00B5C 6963870
Loading driver 961578FE-B6B7-44C3-AF35-6BC705CD2B1F
InstallProtocolInterface: 5B1B31A1-9562-11D2-8E3F-00A0C969723B 699D440
Loading driver at 0x00006910000 EntryPoint=0x00006917D47 Fat.efi
InstallProtocolInterface: BC62157E-3E33-4FEC-9920-2D3B36D750DF 699D798
ProtectUefiImageCommon - 0x699D440
  - 0x0000000006910000 - 0x0000000000009F80
InstallProtocolInterface: 18A031AB-B443-4D1A-A5C0-0C09261E9F71 6919DE0
InstallProtocolInterface: 107A772C-D5E1-11D4-9A46-0090273FC14D 6919E40
InstallProtocolInterface: 6A7A5CFF-E8D9-4F70-BADA-75AB3025CE14 6919C10
Loading driver 905F13B0-8F91-4B0A-BD76-E1E78F9422E4
InstallProtocolInterface: 5B1B31A1-9562-11D2-8E3F-00A0C969723B 6997B40
Loading driver at 0x00006909000 EntryPoint=0x0000690DC07 UdfDxe.efi
InstallProtocolInterface: BC62157E-3E33-4FEC-9920-2D3B36D750DF 6997098
ProtectUefiImageCommon - 0x6997B40
  - 0x0000000006909000 - 0x0000000000006540
InstallProtocolInterface: 18A031AB-B443-4D1A-A5C0-0C09261E9F71 690F2A0
InstallProtocolInterface: 107A772C-D5E1-11D4-9A46-0090273FC14D 690F400
InstallProtocolInterface: 6A7A5CFF-E8D9-4F70-BADA-75AB3025CE14 690F280
Loading driver 7BD9DDF7-8B83-488E-AEC9-24C78610289C
InstallProtocolInterface: 5B1B31A1-9562-11D2-8E3F-00A0C969723B 6997240
Loading driver at 0x000068FF000 EntryPoint=0x0000690622A VirtioFsDxe.efi
InstallProtocolInterface: BC62157E-3E33-4FEC-9920-2D3B36D750DF 6997818
ProtectUefiImageCommon - 0x6997240
  - 0x00000000068FF000 - 0x0000000000009600
InstallProtocolInterface: 18A031AB-B443-4D1A-A5C0-0C09261E9F71 69084E0
InstallProtocolInterface: 6A7A5CFF-E8D9-4F70-BADA-75AB3025CE14 69084C0
Loading driver A2F436EA-A127-4EF8-957C-8048606FF670
InstallProtocolInterface: 5B1B31A1-9562-11D2-8E3F-00A0C969723B 6988B40
Loading driver at 0x000068F7000 EntryPoint=0x000068FC06C SnpDxe.efi
InstallProtocolInterface: BC62157E-3E33-4FEC-9920-2D3B36D750DF 6988A98
ProtectUefiImageCommon - 0x6988B40
  - 0x00000000068F7000 - 0x0000000000007300
InstallProtocolInterface: 18A031AB-B443-4D1A-A5C0-0C09261E9F71 68FE100
InstallProtocolInterface: 107A772C-D5E1-11D4-9A46-0090273FC14D 68FE160
InstallProtocolInterface: 6A7A5CFF-E8D9-4F70-BADA-75AB3025CE14 68FE0D0
Loading driver E4F61863-FE2C-4B56-A8F4-08519BC439DF
InstallProtocolInterface: 5B1B31A1-9562-11D2-8E3F-00A0C969723B 6988240
Loading driver at 0x000068F0000 EntryPoint=0x000068F462E VlanConfigDxe.efi
InstallProtocolInterface: BC62157E-3E33-4FEC-9920-2D3B36D750DF 6988718
ProtectUefiImageCommon - 0x6988240
  - 0x00000000068F0000 - 0x0000000000006DC0
InstallProtocolInterface: 18A031AB-B443-4D1A-A5C0-0C09261E9F71 68F6480
InstallProtocolInterface: 107A772C-D5E1-11D4-9A46-0090273FC14D 68F6C40
InstallProtocolInterface: 6A7A5CFF-E8D9-4F70-BADA-75AB3025CE14 68F6460
Loading driver 025BBFC7-E6A9-4B8B-82AD-6815A1AEAF4A
InstallProtocolInterface: 5B1B31A1-9562-11D2-8E3F-00A0C969723B 6987CC0
Loading driver at 0x000068DA000 EntryPoint=0x000068E16CD MnpDxe.efi
InstallProtocolInterface: BC62157E-3E33-4FEC-9920-2D3B36D750DF 6987B18
ProtectUefiImageCommon - 0x6987CC0
  - 0x00000000068DA000 - 0x000000000000A580
InstallProtocolInterface: 18A031AB-B443-4D1A-A5C0-0C09261E9F71 68E4380
InstallProtocolInterface: 107A772C-D5E1-11D4-9A46-0090273FC14D 68E4400
InstallProtocolInterface: 6A7A5CFF-E8D9-4F70-BADA-75AB3025CE14 68E43B0
Loading driver 529D3F93-E8E9-4E73-B1E1-BDF6A9D50113
InstallProtocolInterface: 5B1B31A1-9562-11D2-8E3F-00A0C969723B 69873C0
Loading driver at 0x000068EA000 EntryPoint=0x000068EE261 ArpDxe.efi
InstallProtocolInterface: BC62157E-3E33-4FEC-9920-2D3B36D750DF 6987718
ProtectUefiImageCommon - 0x69873C0
  - 0x00000000068EA000 - 0x0000000000005FC0
InstallProtocolInterface: 18A031AB-B443-4D1A-A5C0-0C09261E9F71 68EFDC0
InstallProtocolInterface: 107A772C-D5E1-11D4-9A46-0090273FC14D 68EFE80
InstallProtocolInterface: 6A7A5CFF-E8D9-4F70-BADA-75AB3025CE14 68EFD20
Loading driver 94734718-0BBC-47FB-96A5-EE7A5AE6A2AD
InstallProtocolInterface: 5B1B31A1-9562-11D2-8E3F-00A0C969723B 6986CC0
Loading driver at 0x000068C4000 EntryPoint=0x000068CB59C Dhcp4Dxe.efi
InstallProtocolInterface: BC62157E-3E33-4FEC-9920-2D3B36D750DF 6986818
ProtectUefiImageCommon - 0x6986CC0
  - 0x00000000068C4000 - 0x000000000000A440
InstallProtocolInterface: 18A031AB-B443-4D1A-A5C0-0C09261E9F71 68CE180
InstallProtocolInterface: 107A772C-D5E1-11D4-9A46-0090273FC14D 68CE280
InstallProtocolInterface: 6A7A5CFF-E8D9-4F70-BADA-75AB3025CE14 68CE1E0
Loading driver 9FB1A1F3-3B71-4324-B39A-745CBB015FFF
InstallProtocolInterface: 5B1B31A1-9562-11D2-8E3F-00A0C969723B 69863C0
Loading driver at 0x0000689A000 EntryPoint=0x000068A99CF Ip4Dxe.efi
InstallProtocolInterface: BC62157E-3E33-4FEC-9920-2D3B36D750DF 6985018
ProtectUefiImageCommon - 0x69863C0
  - 0x000000000689A000 - 0x0000000000014740
Select Item: 0x0
FW CFG Signature: 0x554D4551
Select Item: 0x1
FW CFG Revision: 0x3
QemuFwCfg interface (DMA) is supported.
Select Item: 0x19
InstallProtocolInterface: 18A031AB-B443-4D1A-A5C0-0C09261E9F71 68AE2E0
InstallProtocolInterface: 107A772C-D5E1-11D4-9A46-0090273FC14D 68AE240
InstallProtocolInterface: 6A7A5CFF-E8D9-4F70-BADA-75AB3025CE14 68AE1F0
Loading driver 6D6963AB-906D-4A65-A7CA-BD40E5D6AF2B
InstallProtocolInterface: 5B1B31A1-9562-11D2-8E3F-00A0C969723B 69857C0
Loading driver at 0x000068D1000 EntryPoint=0x000068D7651 Udp4Dxe.efi
InstallProtocolInterface: BC62157E-3E33-4FEC-9920-2D3B36D750DF 6985198
ProtectUefiImageCommon - 0x69857C0
  - 0x00000000068D1000 - 0x0000000000008A00
InstallProtocolInterface: 18A031AB-B443-4D1A-A5C0-0C09261E9F71 68D97C0
InstallProtocolInterface: 107A772C-D5E1-11D4-9A46-0090273FC14D 68D98A0
InstallProtocolInterface: 6A7A5CFF-E8D9-4F70-BADA-75AB3025CE14 68D9830
Loading driver DC3641B8-2FA8-4ED3-BC1F-F9962A03454B
InstallProtocolInterface: 5B1B31A1-9562-11D2-8E3F-00A0C969723B 6960040
Loading driver at 0x000068BA000 EntryPoint=0x000068C0E60 Mtftp4Dxe.efi
InstallProtocolInterface: BC62157E-3E33-4FEC-9920-2D3B36D750DF 6960E98
ProtectUefiImageCommon - 0x6960040
  - 0x00000000068BA000 - 0x0000000000009200
InstallProtocolInterface: 18A031AB-B443-4D1A-A5C0-0C09261E9F71 68C2FC0
InstallProtocolInterface: 107A772C-D5E1-11D4-9A46-0090273FC14D 68C3040
InstallProtocolInterface: 6A7A5CFF-E8D9-4F70-BADA-75AB3025CE14 68C2FF0
Loading driver 1A7E4468-2F55-4A56-903C-01265EB7622B
InstallProtocolInterface: 5B1B31A1-9562-11D2-8E3F-00A0C969723B 6960440
Loading driver at 0x00006874000 EntryPoint=0x0000687E430 TcpDxe.efi
InstallProtocolInterface: BC62157E-3E33-4FEC-9920-2D3B36D750DF 6960A18
ProtectUefiImageCommon - 0x6960440
  - 0x0000000006874000 - 0x0000000000012040
InstallProtocolInterface: 18A031AB-B443-4D1A-A5C0-0C09261E9F71 6885C20
InstallProtocolInterface: 107A772C-D5E1-11D4-9A46-0090273FC14D 6885AE0
InstallProtocolInterface: 6A7A5CFF-E8D9-4F70-BADA-75AB3025CE14 6885AA0
InstallProtocolInterface: 18A031AB-B443-4D1A-A5C0-0C09261E9F71 6885BE0
InstallProtocolInterface: 107A772C-D5E1-11D4-9A46-0090273FC14D 6885AE0
InstallProtocolInterface: 6A7A5CFF-E8D9-4F70-BADA-75AB3025CE14 6885AA0
Loading driver B95E9FDA-26DE-48D2-8807-1F9107AC5E3A
InstallProtocolInterface: 5B1B31A1-9562-11D2-8E3F-00A0C969723B 695F0C0
Loading driver at 0x00006862000 EntryPoint=0x0000686D8F5 UefiPxeBcDxe.efi
InstallProtocolInterface: BC62157E-3E33-4FEC-9920-2D3B36D750DF 695F898
ProtectUefiImageCommon - 0x695F0C0
  - 0x0000000006862000 - 0x0000000000011780
Select Item: 0x0
FW CFG Signature: 0x554D4551
Select Item: 0x1
FW CFG Revision: 0x3
QemuFwCfg interface (DMA) is supported.
Select Item: 0x19
Select Item: 0x19
InstallProtocolInterface: 18A031AB-B443-4D1A-A5C0-0C09261E9F71 68734C0
InstallProtocolInterface: 107A772C-D5E1-11D4-9A46-0090273FC14D 68733E0
InstallProtocolInterface: 6A7A5CFF-E8D9-4F70-BADA-75AB3025CE14 6873490
InstallProtocolInterface: 18A031AB-B443-4D1A-A5C0-0C09261E9F71 6873460
InstallProtocolInterface: 107A772C-D5E1-11D4-9A46-0090273FC14D 68733E0
InstallProtocolInterface: 6A7A5CFF-E8D9-4F70-BADA-75AB3025CE14 6873490
Loading driver 86CDDF93-4872-4597-8AF9-A35AE4D3725F
InstallProtocolInterface: 5B1B31A1-9562-11D2-8E3F-00A0C969723B 695EB40
Loading driver at 0x00006824000 EntryPoint=0x00006836DD0 IScsiDxe.efi
InstallProtocolInterface: BC62157E-3E33-4FEC-9920-2D3B36D750DF 695EE98
ProtectUefiImageCommon - 0x695EB40
  - 0x0000000006824000 - 0x000000000001E7C0
InstallProtocolInterface: 18A031AB-B443-4D1A-A5C0-0C09261E9F71 68424A0
InstallProtocolInterface: 107A772C-D5E1-11D4-9A46-0090273FC14D 6840B60
InstallProtocolInterface: 6A7A5CFF-E8D9-4F70-BADA-75AB3025CE14 6840AD0
InstallProtocolInterface: 18A031AB-B443-4D1A-A5C0-0C09261E9F71 6842460
InstallProtocolInterface: 107A772C-D5E1-11D4-9A46-0090273FC14D 6840B60
InstallProtocolInterface: 6A7A5CFF-E8D9-4F70-BADA-75AB3025CE14 6840AD0
InstallProtocolInterface: 59324945-EC44-4C0D-B1CD-9DB139DF070C 6840A70
InstallProtocolInterface: 09576E91-6D3F-11D2-8E39-00A0C969723B 6840A40
InstallProtocolInterface: 330D4706-F2A0-4E4F-A369-B66FA8D54385 695E728
InstallProtocolInterface: 7671D9D0-53DB-4173-AA69-2327F21F0BC7 6842430
Loading driver A92CDB4B-82F1-4E0B-A516-8A655D371524
InstallProtocolInterface: 5B1B31A1-9562-11D2-8E3F-00A0C969723B 694A240
Loading driver at 0x00006894000 EntryPoint=0x00006897B99 VirtioNetDxe.efi
InstallProtocolInterface: BC62157E-3E33-4FEC-9920-2D3B36D750DF 694A118
ProtectUefiImageCommon - 0x694A240
  - 0x0000000006894000 - 0x0000000000005540
InstallProtocolInterface: 18A031AB-B443-4D1A-A5C0-0C09261E9F71 6899380
InstallProtocolInterface: 107A772C-D5E1-11D4-9A46-0090273FC14D 68993E0
InstallProtocolInterface: 6A7A5CFF-E8D9-4F70-BADA-75AB3025CE14 6899300
Loading driver 2FB92EFA-2EE0-4BAE-9EB6-7464125E1EF7
InstallProtocolInterface: 5B1B31A1-9562-11D2-8E3F-00A0C969723B 694CB40
Loading driver at 0x0000688D000 EntryPoint=0x000068921E3 UhciDxe.efi
InstallProtocolInterface: BC62157E-3E33-4FEC-9920-2D3B36D750DF 694CE98
ProtectUefiImageCommon - 0x694CB40
  - 0x000000000688D000 - 0x0000000000006F40
InstallProtocolInterface: 18A031AB-B443-4D1A-A5C0-0C09261E9F71 6893D40
InstallProtocolInterface: 107A772C-D5E1-11D4-9A46-0090273FC14D 6893DC0
InstallProtocolInterface: 6A7A5CFF-E8D9-4F70-BADA-75AB3025CE14 6893DA0
Loading driver BDFE430E-8F2A-4DB0-9991-6F856594777E
InstallProtocolInterface: 5B1B31A1-9562-11D2-8E3F-00A0C969723B 694C5C0
Loading driver at 0x00006859000 EntryPoint=0x0000685F341 EhciDxe.efi
InstallProtocolInterface: BC62157E-3E33-4FEC-9920-2D3B36D750DF 694C818
ProtectUefiImageCommon - 0x694C5C0
  - 0x0000000006859000 - 0x0000000000008900
InstallProtocolInterface: 18A031AB-B443-4D1A-A5C0-0C09261E9F71 6861760
InstallProtocolInterface: 107A772C-D5E1-11D4-9A46-0090273FC14D 68617C0
InstallProtocolInterface: 6A7A5CFF-E8D9-4F70-BADA-75AB3025CE14 68616F0
Loading driver B7F50E91-A759-412C-ADE4-DCD03E7F7C28
InstallProtocolInterface: 5B1B31A1-9562-11D2-8E3F-00A0C969723B 694B040
Loading driver at 0x00006817000 EntryPoint=0x00006820A8E XhciDxe.efi
InstallProtocolInterface: BC62157E-3E33-4FEC-9920-2D3B36D750DF 694BC18
ProtectUefiImageCommon - 0x694B040
  - 0x0000000006817000 - 0x000000000000CEC0
InstallProtocolInterface: 18A031AB-B443-4D1A-A5C0-0C09261E9F71 6823C40
InstallProtocolInterface: 107A772C-D5E1-11D4-9A46-0090273FC14D 6823D40
InstallProtocolInterface: 6A7A5CFF-E8D9-4F70-BADA-75AB3025CE14 6823D20
Loading driver 240612B7-A063-11D4-9A3A-0090273FC14D
InstallProtocolInterface: 5B1B31A1-9562-11D2-8E3F-00A0C969723B 694B7C0
Loading driver at 0x0000684F000 EntryPoint=0x000068557C2 UsbBusDxe.efi
InstallProtocolInterface: BC62157E-3E33-4FEC-9920-2D3B36D750DF 694BB18
ProtectUefiImageCommon - 0x694B7C0
  - 0x000000000684F000 - 0x0000000000009580
InstallProtocolInterface: 18A031AB-B443-4D1A-A5C0-0C09261E9F71 68582E0
InstallProtocolInterface: 107A772C-D5E1-11D4-9A46-0090273FC14D 6858240
InstallProtocolInterface: 6A7A5CFF-E8D9-4F70-BADA-75AB3025CE14 68581E0
Loading driver 2D2E62CF-9ECF-43B7-8219-94E7FC713DFE
InstallProtocolInterface: 5B1B31A1-9562-11D2-8E3F-00A0C969723B 692B2C0
Loading driver at 0x00006848000 EntryPoint=0x0000684C14D UsbKbDxe.efi
InstallProtocolInterface: BC62157E-3E33-4FEC-9920-2D3B36D750DF 692BA98
ProtectUefiImageCommon - 0x692B2C0
  - 0x0000000006848000 - 0x0000000000006480
InstallProtocolInterface: 18A031AB-B443-4D1A-A5C0-0C09261E9F71 684DB20
InstallProtocolInterface: 107A772C-D5E1-11D4-9A46-0090273FC14D 684E2E0
InstallProtocolInterface: 6A7A5CFF-E8D9-4F70-BADA-75AB3025CE14 684E2C0
Loading driver 9FB4B4A7-42C0-4BCD-8540-9BCC6711F83E
InstallProtocolInterface: 5B1B31A1-9562-11D2-8E3F-00A0C969723B 692B540
Loading driver at 0x00006887000 EntryPoint=0x0000688AC55 UsbMassStorageDxe.efi
InstallProtocolInterface: BC62157E-3E33-4FEC-9920-2D3B36D750DF 692B898
ProtectUefiImageCommon - 0x692B540
  - 0x0000000006887000 - 0x0000000000005B00
InstallProtocolInterface: 18A031AB-B443-4D1A-A5C0-0C09261E9F71 688C8A0
InstallProtocolInterface: 107A772C-D5E1-11D4-9A46-0090273FC14D 688C980
InstallProtocolInterface: 6A7A5CFF-E8D9-4F70-BADA-75AB3025CE14 688C870
Loading driver E3752948-B9A1-4770-90C4-DF41C38986BE
InstallProtocolInterface: 5B1B31A1-9562-11D2-8E3F-00A0C969723B 691D2C0
Loading driver at 0x00006810000 EntryPoint=0x00006814266 QemuVideoDxe.efi
InstallProtocolInterface: BC62157E-3E33-4FEC-9920-2D3B36D750DF 691DA18
ProtectUefiImageCommon - 0x691D2C0
  - 0x0000000006810000 - 0x0000000000006B40
InstallProtocolInterface: 18A031AB-B443-4D1A-A5C0-0C09261E9F71 6816960
InstallProtocolInterface: 107A772C-D5E1-11D4-9A46-0090273FC14D 68169C0
InstallProtocolInterface: 6A7A5CFF-E8D9-4F70-BADA-75AB3025CE14 6816750
Loading driver D6099B94-CD97-4CC5-8714-7F6312701A8A
InstallProtocolInterface: 5B1B31A1-9562-11D2-8E3F-00A0C969723B 691D540
Loading driver at 0x0000680A000 EntryPoint=0x0000680E049 VirtioGpuDxe.efi
InstallProtocolInterface: BC62157E-3E33-4FEC-9920-2D3B36D750DF 691CD18
ProtectUefiImageCommon - 0x691D540
  - 0x000000000680A000 - 0x0000000000005E80
InstallProtocolInterface: 18A031AB-B443-4D1A-A5C0-0C09261E9F71 680FC60
InstallProtocolInterface: 6A7A5CFF-E8D9-4F70-BADA-75AB3025CE14 680FC30
Driver 6490F1C5-EBCC-4665-8892-0075B9BB49B7 was discovered but not loaded!!
[Bds] Entry...
[BdsDxe] Locate Variable Policy protocol - Success
Variable Driver Auto Update Lang, Lang:eng, PlatformLang:en Status: Success
PlatformBootManagerBeforeConsole
Registered NotifyDevPath Event
PCI Bus First Scanning
PciBus: Discovered PCI @ [00|00|00]  [VID = 0x8086, DID = 0x1237]

PciBus: Discovered PCI @ [00|01|00]  [VID = 0x8086, DID = 0x7000]

PciBus: Discovered PCI @ [00|01|01]  [VID = 0x8086, DID = 0x7010]
   BAR[4]: Type =   Io32; Alignment = 0xF;	Length = 0x10;	Offset = 0x20

PciBus: Discovered PCI @ [00|01|03]  [VID = 0x8086, DID = 0x7113]

PciBus: Discovered PCI @ [00|02|00]  [VID = 0x1234, DID = 0x1111]
   BAR[0]: Type = PMem32; Alignment = 0xFFFFFF;	Length = 0x1000000;	Offset = 0x10
   BAR[2]: Type =  Mem32; Alignment = 0xFFF;	Length = 0x1000;	Offset = 0x18

PCI Bus Second Scanning
PciBus: Discovered PCI @ [00|00|00]  [VID = 0x8086, DID = 0x1237]

PciBus: Discovered PCI @ [00|01|00]  [VID = 0x8086, DID = 0x7000]

PciBus: Discovered PCI @ [00|01|01]  [VID = 0x8086, DID = 0x7010]
   BAR[4]: Type =   Io32; Alignment = 0xF;	Length = 0x10;	Offset = 0x20

PciBus: Discovered PCI @ [00|01|03]  [VID = 0x8086, DID = 0x7113]

PciBus: Discovered PCI @ [00|02|00]  [VID = 0x1234, DID = 0x1111]
   BAR[0]: Type = PMem32; Alignment = 0xFFFFFF;	Length = 0x1000000;	Offset = 0x10
   BAR[2]: Type =  Mem32; Alignment = 0xFFF;	Length = 0x1000;	Offset = 0x18

PciBus: Discovered PCI @ [00|00|00]  [VID = 0x8086, DID = 0x1237]

PciBus: Discovered PCI @ [00|01|00]  [VID = 0x8086, DID = 0x7000]

PciBus: Discovered PCI @ [00|01|01]  [VID = 0x8086, DID = 0x7010]
   BAR[4]: Type =   Io32; Alignment = 0xF;	Length = 0x10;	Offset = 0x20

PciBus: Discovered PCI @ [00|01|03]  [VID = 0x8086, DID = 0x7113]

PciBus: Discovered PCI @ [00|02|00]  [VID = 0x1234, DID = 0x1111]
   BAR[0]: Type = PMem32; Alignment = 0xFFFFFF;	Length = 0x1000000;	Offset = 0x10
   BAR[2]: Type =  Mem32; Alignment = 0xFFF;	Length = 0x1000;	Offset = 0x18

PciHostBridge: SubmitResources for PciRoot(0x0)
 I/O: Granularity/SpecificFlag = 0 / 01
      Length/Alignment = 0x1000 / 0xFFF
 Mem: Granularity/SpecificFlag = 32 / 00
      Length/Alignment = 0x1100000 / 0xFFFFFF
PciBus: HostBridge->SubmitResources() - Success
PciHostBridge: NotifyPhase (AllocateResources)
 RootBridge: PciRoot(0x0)
  Mem: Base/Length/Alignment = 80000000/1100000/FFFFFF - Success
  I/O: Base/Length/Alignment = C000/1000/FFF - Success
PciBus: HostBridge->NotifyPhase(AllocateResources) - Success
Process Option ROM: BAR Base/Length = 81000000/10000
PciBus: Resource Map for Root Bridge PciRoot(0x0)
Type =   Io16; Base = 0xC000;	Length = 0x1000;	Alignment = 0xFFF
   Base = 0xC000;	Length = 0x10;	Alignment = 0xF;	Owner = PCI [00|01|01:20]
Type =  Mem32; Base = 0x80000000;	Length = 0x1100000;	Alignment = 0xFFFFFF
   Base = 0x80000000;	Length = 0x1000000;	Alignment = 0xFFFFFF;	Owner = PCI [00|02|00:10]; Type = PMem32
   Base = 0x81000000;	Length = 0x10000;	Alignment = 0xFFFF;	Owner = PCI [00|00|00:00]; Type =  OpRom
   Base = 0x81010000;	Length = 0x1000;	Alignment = 0xFFF;	Owner = PCI [00|02|00:18]

InstallProtocolInterface: 09576E91-6D3F-11D2-8E39-00A0C969723B 691BF18
InstallProtocolInterface: 4CF5B200-68B8-4CA5-9EEC-B23E3F50029A 691B428
InstallProtocolInterface: 09576E91-6D3F-11D2-8E39-00A0C969723B 691BF98
InstallProtocolInterface: 4CF5B200-68B8-4CA5-9EEC-B23E3F50029A 691B828
InstallProtocolInterface: 09576E91-6D3F-11D2-8E39-00A0C969723B 691AE98
InstallProtocolInterface: 4CF5B200-68B8-4CA5-9EEC-B23E3F50029A 691A028
InstallProtocolInterface: 09576E91-6D3F-11D2-8E39-00A0C969723B 691AF18
InstallProtocolInterface: 4CF5B200-68B8-4CA5-9EEC-B23E3F50029A 691A428
InstallProtocolInterface: 09576E91-6D3F-11D2-8E39-00A0C969723B 691AF98
InstallProtocolInterface: 4CF5B200-68B8-4CA5-9EEC-B23E3F50029A 691A828
InstallProtocolInterface: 30CFE3E7-3DE1-4586-BE20-DEABA1B3B793 0
OnRootBridgesConnected: root bridges have been connected, installing ACPI tables
Select Item: 0x19
Select Item: 0x29
Select Item: 0x19
Select Item: 0x28
Select Item: 0x19
Select Item: 0x22
Select Item: 0x19
Select Item: 0x23
InstallProtocolInterface: 928939B2-4235-462F-9580-F6A2B2C21A4F 0
InstallQemuFwCfgTables: installed 6 tables
PcRtc: Write 0x20 to CMOS location 0x32
[Variable]END_OF_DXE is signaled
Initialize variable error flag (FF)
AcpiS3ContextSave!
AcpiS3ContextSave TotalPageTableSize - 0xE pages
AcpiS3Context: AcpiFacsTable is 0x 77DD000
AcpiS3Context: IdtrProfile is 0x 776A000
AcpiS3Context: S3NvsPageTableAddress is 0x 775B000
AcpiS3Context: S3DebugBufferAddress is 0x 7752000
AcpiS3Context: BootScriptStackBase is 0x 7753000
AcpiS3Context: BootScriptStackSize is 0x    8000
Found LPC Bridge device
BdsPlatform.c+751: COM1 DevPath: PciRoot(0x0)/Pci(0x1,0x0)/Serial(0x0)/Uart(115200,8,N,1)/VenMsg(AD15A0D6-8BEC-4ACF-A073-D01DE77E2D88)
BdsPlatform.c+789: COM2 DevPath: PciRoot(0x0)/Pci(0x1,0x0)/Serial(0x1)/Uart(115200,8,N,1)/VenMsg(AD15A0D6-8BEC-4ACF-A073-D01DE77E2D88)
Found PCI display device
QemuVideo: QEMU Standard VGA detected
QemuVideo: Using mmio bar @ 0x81010000
InstallProtocolInterface: 09576E91-6D3F-11D2-8E39-00A0C969723B 68E8498
QemuVideoBochsModeSetup: AvailableFbSize=0x1000000
QemuVideoBochsEdid: blob found (extensions: 1)
QemuVideoBochsEdid: default resolution: 1280x800
Adding Bochs Internal Mode 0: 1280x800, 32-bit
Adding Bochs Internal Mode 1: 640x480, 32-bit
Adding Bochs Internal Mode 2: 800x480, 32-bit
Adding Bochs Internal Mode 3: 800x600, 32-bit
Adding Bochs Internal Mode 4: 832x624, 32-bit
Adding Bochs Internal Mode 5: 960x640, 32-bit
Adding Bochs Internal Mode 6: 1024x600, 32-bit
Adding Bochs Internal Mode 7: 1024x768, 32-bit
Adding Bochs Internal Mode 8: 1152x864, 32-bit
Adding Bochs Internal Mode 9: 1152x870, 32-bit
Adding Bochs Internal Mode 10: 1280x720, 32-bit
Adding Bochs Internal Mode 11: 1280x760, 32-bit
Adding Bochs Internal Mode 12: 1280x768, 32-bit
Adding Bochs Internal Mode 13: 1280x960, 32-bit
Adding Bochs Internal Mode 14: 1280x1024, 32-bit
Adding Bochs Internal Mode 15: 1360x768, 32-bit
Adding Bochs Internal Mode 16: 1366x768, 32-bit
Adding Bochs Internal Mode 17: 1400x1050, 32-bit
Adding Bochs Internal Mode 18: 1440x900, 32-bit
Adding Bochs Internal Mode 19: 1600x900, 32-bit
Adding Bochs Internal Mode 20: 1600x1200, 32-bit
Adding Bochs Internal Mode 21: 1680x1050, 32-bit
Adding Bochs Internal Mode 22: 1920x1080, 32-bit
Adding Bochs Internal Mode 23: 1920x1200, 32-bit
Adding Bochs Internal Mode 24: 1920x1440, 32-bit
Adding Bochs Internal Mode 25: 2000x2000, 32-bit
Adding Bochs Internal Mode 26: 2048x1536, 32-bit
Adding Bochs Internal Mode 27: 2048x2048, 32-bit
Adding Bochs Internal Mode 28: 2560x1440, 32-bit
Adding Bochs Internal Mode 29: 2560x1600, 32-bit
Skipping Bochs Mode 2560x2048, 32-bit (not enough vram)
Skipping Bochs Mode 2800x2100, 32-bit (not enough vram)
Skipping Bochs Mode 3200x2400, 32-bit (not enough vram)
Skipping Bochs Mode 3840x2160, 32-bit (not enough vram)
Skipping Bochs Mode 4096x2160, 32-bit (not enough vram)
Skipping Bochs Mode 7680x4320, 32-bit (not enough vram)
Skipping Bochs Mode 8192x4320, 32-bit (not enough vram)
InitializeBochsGraphicsMode: 1280x800 @ 32
PixelBlueGreenRedReserved8BitPerColor
FrameBufferBase: 0x80000000, FrameBufferSize: 0x3E8000
0: shl:0 shr:0 mask:FF0000
1: shl:0 shr:0 mask:FF00
2: shl:0 shr:0 mask:FF
Bytes per pixel: 4
0: shl:0 shr:0 mask:FF0000
1: shl:0 shr:0 mask:FF00
2: shl:0 shr:0 mask:FF
Bytes per pixel: 4
InstallProtocolInterface: 9042A9DE-23DC-4A38-96FB-7ADED080516A 68E59B8
InstallVbeShim: VBE shim installed
PixelBlueGreenRedReserved8BitPerColor
PixelBlueGreenRedReserved8BitPerColor
PixelBlueGreenRedReserved8BitPerColor
PixelBlueGreenRedReserved8BitPerColor
PixelBlueGreenRedReserved8BitPerColor
PixelBlueGreenRedReserved8BitPerColor
PixelBlueGreenRedReserved8BitPerColor
PixelBlueGreenRedReserved8BitPerColor
PixelBlueGreenRedReserved8BitPerColor
PixelBlueGreenRedReserved8BitPerColor
PixelBlueGreenRedReserved8BitPerColor
PixelBlueGreenRedReserved8BitPerColor
PixelBlueGreenRedReserved8BitPerColor
PixelBlueGreenRedReserved8BitPerColor
PixelBlueGreenRedReserved8BitPerColor
PixelBlueGreenRedReserved8BitPerColor
PixelBlueGreenRedReserved8BitPerColor
PixelBlueGreenRedReserved8BitPerColor
PixelBlueGreenRedReserved8BitPerColor
PixelBlueGreenRedReserved8BitPerColor
PixelBlueGreenRedReserved8BitPerColor
PixelBlueGreenRedReserved8BitPerColor
PixelBlueGreenRedReserved8BitPerColor
PixelBlueGreenRedReserved8BitPerColor
PixelBlueGreenRedReserved8BitPerColor
PixelBlueGreenRedReserved8BitPerColor
PixelBlueGreenRedReserved8BitPerColor
PixelBlueGreenRedReserved8BitPerColor
PixelBlueGreenRedReserved8BitPerColor
PixelBlueGreenRedReserved8BitPerColor
InstallProtocolInterface: 60FF8964-E906-41D0-AFED-F241E974E08E 0
InstallProtocolInterface: FA20568B-548B-4B2B-81EF-1BA08D4A3CEC 0
Found LPC Bridge device
BdsPlatform.c+751: COM1 DevPath: PciRoot(0x0)/Pci(0x1,0x0)/Serial(0x0)/Uart(115200,8,N,1)/VenMsg(AD15A0D6-8BEC-4ACF-A073-D01DE77E2D88)
BdsPlatform.c+789: COM2 DevPath: PciRoot(0x0)/Pci(0x1,0x0)/Serial(0x1)/Uart(115200,8,N,1)/VenMsg(AD15A0D6-8BEC-4ACF-A073-D01DE77E2D88)
Found PCI display device
Select Item: 0xE
[Bds]RegisterKeyNotify: 000C/0000 80000000/00 Success
[Bds]RegisterKeyNotify: 0017/0000 80000000/00 Success
[Bds]RegisterKeyNotify: 0000/000D 80000000/00 Success
InstallProtocolInterface: 864E1CA8-85EB-4D63-9DCC-6E0FC90FFD55 6C33098
InstallProtocolInterface: 09576E91-6D3F-11D2-8E39-00A0C969723B 6C33318
InstallProtocolInterface: 215FDD18-BD50-4FEB-890B-58CA0B4739E9 68E7A38
InstallProtocolInterface: 09576E91-6D3F-11D2-8E39-00A0C969723B 68E6C18
InstallProtocolInterface: 215FDD18-BD50-4FEB-890B-58CA0B4739E9 68E6B38
InstallProtocolInterface: 09576E91-6D3F-11D2-8E39-00A0C969723B 68E6918
InstallProtocolInterface: 215FDD18-BD50-4FEB-890B-58CA0B4739E9 68E6A38
ClockRate = 1843200
Divisor   = 1
BaudRate/Actual (115200/115200) = 100%
ClockRate = 1843200
Divisor   = 1
BaudRate/Actual (115200/115200) = 100%
InstallProtocolInterface: 09576E91-6D3F-11D2-8E39-00A0C969723B 68E7818
InstallProtocolInterface: BB25CF6F-F1D4-11D2-9A0C-0090273FC1FD 68E76A8
PciSioSerial: Create SIO child serial device - Success
ClockRate = 1843200
Divisor   = 1
BaudRate/Actual (115200/115200) = 100%
Terminal - Mode 0, Column = 80, Row = 25
Terminal - Mode 1, Column = 80, Row = 50
Terminal - Mode 2, Column = 100, Row = 31
ClockRate = 1843200
Divisor   = 1
BaudRate/Actual (115200/115200) = 100%
InstallProtocolInterface: 387477C1-69C7-11D2-8E39-00A0C969723B 6847440
InstallProtocolInterface: DD9E7534-7762-4698-8C14-F58517A625AA 6847528
InstallProtocolInterface: 387477C2-69C7-11D2-8E39-00A0C969723B 6847458
InstallProtocolInterface: 09576E91-6D3F-11D2-8E39-00A0C969723B 6847298
InstallProtocolInterface: D3B36F2B-D551-11D4-9A46-0090273FC14D 0
InstallProtocolInterface: D3B36F2C-D551-11D4-9A46-0090273FC14D 0
InstallProtocolInterface: D3B36F2D-D551-11D4-9A46-0090273FC14D 0
ClockRate = 1843200
Divisor   = 1
BaudRate/Actual (115200/115200) = 100%
PciSioSerial: Create SIO child serial device - Device Error
PixelBlueGreenRedReserved8BitPerColor
GraphicsConsole video resolution 1280 x 800
Graphics - Mode 0, Column = 80, Row = 25
Graphics - Mode 1, Column = 0, Row = 0
Graphics - Mode 2, Column = 100, Row = 31
Graphics - Mode 3, Column = 128, Row = 40
Graphics - Mode 4, Column = 160, Row = 42
Graphics Console Started, Mode: 4
InstallProtocolInterface: 387477C2-69C7-11D2-8E39-00A0C969723B 6845630
InstallProtocolInterface: D3B36F2C-D551-11D4-9A46-0090273FC14D 0
PixelBlueGreenRedReserved8BitPerColor
PixelBlueGreenRedReserved8BitPerColor
PixelBlueGreenRedReserved8BitPerColor
PixelBlueGreenRedReserved8BitPerColor
PixelBlueGreenRedReserved8BitPerColor
PixelBlueGreenRedReserved8BitPerColor
PixelBlueGreenRedReserved8BitPerColor
PixelBlueGreenRedReserved8BitPerColor
PixelBlueGreenRedReserved8BitPerColor
PixelBlueGreenRedReserved8BitPerColor
PixelBlueGreenRedReserved8BitPerColor
PixelBlueGreenRedReserved8BitPerColor
PixelBlueGreenRedReserved8BitPerColor
PixelBlueGreenRedReserved8BitPerColor
PixelBlueGreenRedReserved8BitPerColor
PixelBlueGreenRedReserved8BitPerColor
PixelBlueGreenRedReserved8BitPerColor
PixelBlueGreenRedReserved8BitPerColor
PixelBlueGreenRedReserved8BitPerColor
PixelBlueGreenRedReserved8BitPerColor
PixelBlueGreenRedReserved8BitPerColor
PixelBlueGreenRedReserved8BitPerColor
PixelBlueGreenRedReserved8BitPerColor
PixelBlueGreenRedReserved8BitPerColor
PixelBlueGreenRedReserved8BitPerColor
PixelBlueGreenRedReserved8BitPerColor
PixelBlueGreenRedReserved8BitPerColor
PixelBlueGreenRedReserved8BitPerColor
PixelBlueGreenRedReserved8BitPerColor
PixelBlueGreenRedReserved8BitPerColor
InstallProtocolInterface: 9042A9DE-23DC-4A38-96FB-7ADED080516A 6995F20
InstallProtocolInterface: 387477C1-69C7-11D2-8E39-00A0C969723B 67D1028
InstallProtocolInterface: DD9E7534-7762-4698-8C14-F58517A625AA 67D1040
InstallProtocolInterface: D3B36F2B-D551-11D4-9A46-0090273FC14D 0
ClockRate = 1843200
Divisor   = 1
BaudRate/Actual (115200/115200) = 100%
PciSioSerial: Create SIO child serial device - Device Error
ClockRate = 1843200
Divisor   = 1
BaudRate/Actual (115200/115200) = 100%
PciSioSerial: Create SIO child serial device - Device Error
PlatformBootManagerAfterConsole
Found Mass Storage device: PciRoot(0x0)/Pci(0x1,0x1)
SataControllerStart start
Original PCI Attributes = 0x4700
Supported PCI Attributes = 0xE760
Enabled PCI Attributes = 0x700
InstallProtocolInterface: A1E37052-80D9-4E65-A317-3E9A55C43EC9 67D04A0
SataControllerStart end with Success
==AtaAtapiPassThru Start== Controller = 691AD98
[secondary] channel [master] [cdrom   ] device
CalculateBestPioMode: AdvancedPioMode = 3
IdeInitCalculateMode: PioMode = 3
CalculateBestUdmaMode: DeviceUDmaMode = 203F
IdeInitCalculateMode: UdmaMode = 5
InstallProtocolInterface: 1D3DE7F0-0807-424F-AA69-11A54E19A46F 67E2B40
InstallProtocolInterface: 143B7632-B81B-4CB7-ABD3-B625A5B9BFFE 67E2B90
InstallProtocolInterface: 19DF145A-B1D4-453F-8507-38816676D7F6 67CE018
InstallProtocolInterface: 0167CCC4-D0F7-4F21-A3EF-9E64B7CDCE8B 67CECA0
InstallProtocolInterface: 09576E91-6D3F-11D2-8E39-00A0C969723B 67CE798
InstallProtocolInterface: 932F47E6-2362-4002-803E-3CD54B138F85 67CE828
InstallProtocolInterface: 964E5B21-6459-11D2-8E39-00A0C969723B 67CD038
InstallProtocolInterface: A77B2472-E282-4E9F-A245-C2C0E27BBCC1 67CD068
InstallProtocolInterface: D432A67F-14DC-484B-B3BB-3F0291849327 67CD160
InstallProtocolInterface: CE345171-BA0B-11D2-8E4F-00A0C969723B 67CD920
InstallProtocolInterface: 151C8EAE-7F2C-472C-9E54-9828194F6A88 67CD938
 BlockSize : 2048 
 LastBlock : 0 
FatOpenDevice: read of part_lba failed No Media
Boot Mode:0
Select Item: 0x19
PlatformBdsConnectSequence
Select Item: 0x19
EfiBootManagerConnectAll
ClockRate = 1843200
Divisor   = 1
BaudRate/Actual (115200/115200) = 100%
PciSioSerial: Create SIO child serial device - Device Error
SataControllerStart start
SataControllerStart error return status = Already started
 BlockSize : 2048 
 LastBlock : 0 
FatOpenDevice: read of part_lba failed No Media
ClockRate = 1843200
Divisor   = 1
BaudRate/Actual (115200/115200) = 100%
PciSioSerial: Create SIO child serial device - Device Error
SataControllerStart start
SataControllerStart error return status = Already started
 BlockSize : 2048 
 LastBlock : 0 
FatOpenDevice: read of part_lba failed No Media
ClockRate = 1843200
Divisor   = 1
BaudRate/Actual (115200/115200) = 100%
PciSioSerial: Create SIO child serial device - Device Error
 BlockSize : 2048 
 LastBlock : 0 
FatOpenDevice: read of part_lba failed No Media
Select Item: 0x19
[Bds]OsIndication: 0000000000000000
[Bds]=============Begin Load Options Dumping ...=============
  Driver Options:
  SysPrep Options:
  Boot Options:
    Boot0000: UiApp 		 0x0109
    Boot0001: EFI Internal Shell 		 0x0001
  PlatformRecovery Options:
    PlatformRecovery0000: Default PlatformRecovery 		 0x0001
[Bds]=============End Load Options Dumping=============
[Bds]BdsWait ...Zzzzzzzzzzzz...
[Bds]Exit the waiting!
[Bds]Stop Hotkey Service!
[Bds]UnregisterKeyNotify: 000C/0000 Success
[Bds]UnregisterKeyNotify: 0017/0000 Success
[Bds]UnregisterKeyNotify: 0000/000D Success
Memory  Previous  Current    Next   
 Type    Pages     Pages     Pages  
======  ========  ========  ========
  0A    00000080  00000022  00000080
  09    00000012  00000009  00000012
  00    00000080  00000038  00000080
  05    00000100  0000003F  00000100
  06    00000100  000000B1  00000100
[Bds]Booting EFI Internal Shell
[Bds] Expand Fv(7CB8BDC9-F8EB-4F34-AAEA-3EE4AF6516A1)/FvFile(7C04A583-9E3E-4F1C-AD65-E05268D0B4D1) -> Fv(7CB8BDC9-F8EB-4F34-AAEA-3EE4AF6516A1)/FvFile(7C04A583-9E3E-4F1C-AD65-E05268D0B4D1)
InstallProtocolInterface: 5B1B31A1-9562-11D2-8E3F-00A0C969723B 67A6840
Loading driver at 0x000064E7000 EntryPoint=0x00006506A5A Shell.efi
InstallProtocolInterface: BC62157E-3E33-4FEC-9920-2D3B36D750DF 68E7618
ProtectUefiImageCommon - 0x67A6840
  - 0x00000000064E7000 - 0x00000000000E1980
InstallProtocolInterface: 387477C2-69C7-11D2-8E39-00A0C969723B 67A44A0
InstallProtocolInterface: 752F3136-4E16-4FDC-A22A-E5F46812F4CA 67A3F18
InstallProtocolInterface: 6302D008-7F9B-4F30-87AC-60C9FEF5DA4E 6561A60
